{"/Users/undevy/telegram-cms-project/config/constants.js": {"path":"/Users/undevy/telegram-cms-project/config/constants.js","statementMap":{"0":{"start":{"line":1,"column":0},"end":{"line":140,"column":2}},"1":{"start":{"line":143,"column":26},"end":{"line":201,"column":1}},"2":{"start":{"line":151,"column":4},"end":{"line":151,"column":38}},"3":{"start":{"line":160,"column":18},"end":{"line":160,"column":41}},"4":{"start":{"line":161,"column":4},"end":{"line":165,"column":6}},"5":{"start":{"line":174,"column":23},"end":{"line":174,"column":59}},"6":{"start":{"line":175,"column":4},"end":{"line":175,"column":80}},"7":{"start":{"line":175,"column":49},"end":{"line":175,"column":70}},"8":{"start":{"line":184,"column":23},"end":{"line":189,"column":5}},"9":{"start":{"line":190,"column":4},"end":{"line":190,"column":55}},"10":{"start":{"line":199,"column":4},"end":{"line":199,"column":35}},"11":{"start":{"line":203,"column":0},"end":{"line":203,"column":53}}},"fnMap":{"0":{"name":"(anonymous_0)","decl":{"start":{"line":150,"column":20},"end":{"line":150,"column":21}},"loc":{"start":{"line":150,"column":40},"end":{"line":152,"column":3}},"line":150},"1":{"name":"(anonymous_1)","decl":{"start":{"line":159,"column":17},"end":{"line":159,"column":18}},"loc":{"start":{"line":159,"column":35},"end":{"line":166,"column":3}},"line":159},"2":{"name":"(anonymous_2)","decl":{"start":{"line":173,"column":15},"end":{"line":173,"column":16}},"loc":{"start":{"line":173,"column":31},"end":{"line":176,"column":3}},"line":173},"3":{"name":"(anonymous_3)","decl":{"start":{"line":175,"column":42},"end":{"line":175,"column":43}},"loc":{"start":{"line":175,"column":49},"end":{"line":175,"column":70}},"line":175},"4":{"name":"(anonymous_4)","decl":{"start":{"line":183,"column":22},"end":{"line":183,"column":23}},"loc":{"start":{"line":183,"column":38},"end":{"line":191,"column":3}},"line":183},"5":{"name":"(anonymous_5)","decl":{"start":{"line":198,"column":23},"end":{"line":198,"column":24}},"loc":{"start":{"line":198,"column":40},"end":{"line":200,"column":3}},"line":198}},"branchMap":{"0":{"loc":{"start":{"line":8,"column":18},"end":{"line":8,"column":59}},"type":"binary-expr","locations":[{"start":{"line":8,"column":18},"end":{"line":8,"column":44}},{"start":{"line":8,"column":48},"end":{"line":8,"column":59}}],"line":8},"1":{"loc":{"start":{"line":175,"column":11},"end":{"line":175,"column":79}},"type":"binary-expr","locations":[{"start":{"line":175,"column":11},"end":{"line":175,"column":71}},{"start":{"line":175,"column":75},"end":{"line":175,"column":79}}],"line":175},"2":{"loc":{"start":{"line":190,"column":25},"end":{"line":190,"column":53}},"type":"binary-expr","locations":[{"start":{"line":190,"column":25},"end":{"line":190,"column":47}},{"start":{"line":190,"column":51},"end":{"line":190,"column":53}}],"line":190}},"s":{"0":2,"1":2,"2":1,"3":1,"4":1,"5":2,"6":2,"7":5,"8":2,"9":2,"10":0,"11":2},"f":{"0":1,"1":1,"2":2,"3":5,"4":2,"5":0},"b":{"0":[2,0],"1":[2,1],"2":[2,1]},"_coverageSchema":"1a1c01bbd47fc00a2c39e90264f33305004495a9","hash":"49babfd48e8bc2a0ea4c3ad841fc9fc4dce92733"}
,"/Users/undevy/telegram-cms-project/utils/analyticsNavigationEnhancer.js": {"path":"/Users/undevy/telegram-cms-project/utils/analyticsNavigationEnhancer.js","statementMap":{"0":{"start":{"line":1,"column":26},"end":{"line":1,"column":56}},"1":{"start":{"line":2,"column":22},"end":{"line":2,"column":48}},"2":{"start":{"line":3,"column":37},"end":{"line":3,"column":67}},"3":{"start":{"line":4,"column":39},"end":{"line":4,"column":58}},"4":{"start":{"line":11,"column":4},"end":{"line":11,"column":53}},"5":{"start":{"line":12,"column":4},"end":{"line":12,"column":45}},"6":{"start":{"line":22,"column":19},"end":{"line":22,"column":30}},"7":{"start":{"line":24,"column":4},"end":{"line":62,"column":5}},"8":{"start":{"line":25,"column":20},"end":{"line":25,"column":73}},"9":{"start":{"line":26,"column":28},"end":{"line":26,"column":76}},"10":{"start":{"line":28,"column":28},"end":{"line":55,"column":7}},"11":{"start":{"line":57,"column":6},"end":{"line":57,"column":69}},"12":{"start":{"line":60,"column":6},"end":{"line":60,"column":63}},"13":{"start":{"line":61,"column":6},"end":{"line":61,"column":86}},"14":{"start":{"line":71,"column":19},"end":{"line":71,"column":30}},"15":{"start":{"line":73,"column":4},"end":{"line":94,"column":5}},"16":{"start":{"line":74,"column":27},"end":{"line":91,"column":7}},"17":{"start":{"line":93,"column":6},"end":{"line":93,"column":75}},"18":{"start":{"line":97,"column":25},"end":{"line":97,"column":43}},"19":{"start":{"line":98,"column":23},"end":{"line":98,"column":61}},"20":{"start":{"line":100,"column":20},"end":{"line":111,"column":5}},"21":{"start":{"line":113,"column":4},"end":{"line":119,"column":5}},"22":{"start":{"line":114,"column":6},"end":{"line":118,"column":9}},"23":{"start":{"line":121,"column":23},"end":{"line":125,"column":5}},"24":{"start":{"line":127,"column":4},"end":{"line":127,"column":64}},"25":{"start":{"line":137,"column":19},"end":{"line":137,"column":30}},"26":{"start":{"line":138,"column":18},"end":{"line":138,"column":71}},"27":{"start":{"line":140,"column":21},"end":{"line":140,"column":78}},"28":{"start":{"line":142,"column":4},"end":{"line":149,"column":5}},"29":{"start":{"line":143,"column":31},"end":{"line":147,"column":7}},"30":{"start":{"line":148,"column":6},"end":{"line":148,"column":57}},"31":{"start":{"line":151,"column":4},"end":{"line":164,"column":5}},"32":{"start":{"line":152,"column":6},"end":{"line":152,"column":93}},"33":{"start":{"line":153,"column":6},"end":{"line":153,"column":71}},"34":{"start":{"line":154,"column":6},"end":{"line":154,"column":75}},"35":{"start":{"line":155,"column":6},"end":{"line":155,"column":73}},"36":{"start":{"line":157,"column":6},"end":{"line":159,"column":7}},"37":{"start":{"line":158,"column":8},"end":{"line":158,"column":93}},"38":{"start":{"line":161,"column":6},"end":{"line":163,"column":7}},"39":{"start":{"line":162,"column":8},"end":{"line":162,"column":57}},"40":{"start":{"line":166,"column":25},"end":{"line":193,"column":5}},"41":{"start":{"line":195,"column":4},"end":{"line":195,"column":66}},"42":{"start":{"line":204,"column":19},"end":{"line":204,"column":30}},"43":{"start":{"line":206,"column":21},"end":{"line":206,"column":71}},"44":{"start":{"line":208,"column":4},"end":{"line":221,"column":5}},"45":{"start":{"line":209,"column":6},"end":{"line":209,"column":70}},"46":{"start":{"line":210,"column":6},"end":{"line":210,"column":74}},"47":{"start":{"line":211,"column":6},"end":{"line":211,"column":99}},"48":{"start":{"line":212,"column":6},"end":{"line":212,"column":64}},"49":{"start":{"line":213,"column":11},"end":{"line":221,"column":5}},"50":{"start":{"line":214,"column":6},"end":{"line":214,"column":63}},"51":{"start":{"line":215,"column":6},"end":{"line":215,"column":60}},"52":{"start":{"line":216,"column":6},"end":{"line":216,"column":89}},"53":{"start":{"line":218,"column":6},"end":{"line":218,"column":63}},"54":{"start":{"line":219,"column":6},"end":{"line":219,"column":57}},"55":{"start":{"line":220,"column":6},"end":{"line":220,"column":57}},"56":{"start":{"line":223,"column":27},"end":{"line":245,"column":5}},"57":{"start":{"line":247,"column":4},"end":{"line":247,"column":68}},"58":{"start":{"line":256,"column":28},"end":{"line":263,"column":5}},"59":{"start":{"line":265,"column":20},"end":{"line":265,"column":83}},"60":{"start":{"line":267,"column":24},"end":{"line":267,"column":76}},"61":{"start":{"line":268,"column":4},"end":{"line":268,"column":72}},"62":{"start":{"line":278,"column":19},"end":{"line":278,"column":30}},"63":{"start":{"line":280,"column":22},"end":{"line":280,"column":34}},"64":{"start":{"line":281,"column":4},"end":{"line":283,"column":5}},"65":{"start":{"line":282,"column":6},"end":{"line":282,"column":59}},"66":{"start":{"line":285,"column":22},"end":{"line":291,"column":5}},"67":{"start":{"line":293,"column":4},"end":{"line":293,"column":63}},"68":{"start":{"line":306,"column":24},"end":{"line":310,"column":6}},"69":{"start":{"line":312,"column":15},"end":{"line":312,"column":61}},"70":{"start":{"line":313,"column":4},"end":{"line":313,"column":38}},"71":{"start":{"line":316,"column":4},"end":{"line":327,"column":5}},"72":{"start":{"line":317,"column":6},"end":{"line":317,"column":40}},"73":{"start":{"line":318,"column":6},"end":{"line":318,"column":75}},"74":{"start":{"line":319,"column":6},"end":{"line":319,"column":57}},"75":{"start":{"line":320,"column":6},"end":{"line":320,"column":60}},"76":{"start":{"line":322,"column":6},"end":{"line":324,"column":7}},"77":{"start":{"line":323,"column":8},"end":{"line":323,"column":47}},"78":{"start":{"line":326,"column":6},"end":{"line":326,"column":19}},"79":{"start":{"line":330,"column":4},"end":{"line":330,"column":39}},"80":{"start":{"line":331,"column":4},"end":{"line":339,"column":5}},"81":{"start":{"line":332,"column":6},"end":{"line":332,"column":55}},"82":{"start":{"line":333,"column":26},"end":{"line":333,"column":41}},"83":{"start":{"line":334,"column":6},"end":{"line":336,"column":7}},"84":{"start":{"line":335,"column":8},"end":{"line":335,"column":69}},"85":{"start":{"line":338,"column":6},"end":{"line":338,"column":43}},"86":{"start":{"line":341,"column":4},"end":{"line":341,"column":50}},"87":{"start":{"line":342,"column":4},"end":{"line":342,"column":57}},"88":{"start":{"line":344,"column":4},"end":{"line":344,"column":16}},"89":{"start":{"line":354,"column":15},"end":{"line":354,"column":70}},"90":{"start":{"line":355,"column":4},"end":{"line":355,"column":38}},"91":{"start":{"line":357,"column":4},"end":{"line":377,"column":7}},"92":{"start":{"line":358,"column":34},"end":{"line":358,"column":63}},"93":{"start":{"line":359,"column":24},"end":{"line":359,"column":46}},"94":{"start":{"line":361,"column":6},"end":{"line":361,"column":35}},"95":{"start":{"line":363,"column":6},"end":{"line":367,"column":7}},"96":{"start":{"line":364,"column":8},"end":{"line":364,"column":73}},"97":{"start":{"line":366,"column":8},"end":{"line":366,"column":57}},"98":{"start":{"line":369,"column":6},"end":{"line":369,"column":72}},"99":{"start":{"line":370,"column":6},"end":{"line":370,"column":93}},"100":{"start":{"line":371,"column":6},"end":{"line":371,"column":57}},"101":{"start":{"line":372,"column":6},"end":{"line":372,"column":69}},"102":{"start":{"line":374,"column":6},"end":{"line":376,"column":7}},"103":{"start":{"line":375,"column":8},"end":{"line":375,"column":21}},"104":{"start":{"line":379,"column":4},"end":{"line":379,"column":16}},"105":{"start":{"line":389,"column":32},"end":{"line":389,"column":61}},"106":{"start":{"line":390,"column":22},"end":{"line":390,"column":44}},"107":{"start":{"line":392,"column":20},"end":{"line":392,"column":57}},"108":{"start":{"line":393,"column":21},"end":{"line":393,"column":62}},"109":{"start":{"line":395,"column":4},"end":{"line":399,"column":5}},"110":{"start":{"line":396,"column":6},"end":{"line":396,"column":72}},"111":{"start":{"line":398,"column":6},"end":{"line":398,"column":59}},"112":{"start":{"line":409,"column":16},"end":{"line":409,"column":26}},"113":{"start":{"line":410,"column":19},"end":{"line":410,"column":44}},"114":{"start":{"line":411,"column":21},"end":{"line":411,"column":53}},"115":{"start":{"line":413,"column":4},"end":{"line":413,"column":40}},"116":{"start":{"line":413,"column":22},"end":{"line":413,"column":40}},"117":{"start":{"line":414,"column":4},"end":{"line":414,"column":49}},"118":{"start":{"line":414,"column":23},"end":{"line":414,"column":49}},"119":{"start":{"line":416,"column":22},"end":{"line":416,"column":47}},"120":{"start":{"line":417,"column":4},"end":{"line":417,"column":51}},"121":{"start":{"line":417,"column":24},"end":{"line":417,"column":51}},"122":{"start":{"line":419,"column":21},"end":{"line":419,"column":47}},"123":{"start":{"line":420,"column":4},"end":{"line":420,"column":30}},"124":{"start":{"line":424,"column":0},"end":{"line":424,"column":45}}},"fnMap":{"0":{"name":"(anonymous_0)","decl":{"start":{"line":10,"column":2},"end":{"line":10,"column":3}},"loc":{"start":{"line":10,"column":16},"end":{"line":13,"column":3}},"line":10},"1":{"name":"(anonymous_1)","decl":{"start":{"line":21,"column":2},"end":{"line":21,"column":3}},"loc":{"start":{"line":21,"column":80},"end":{"line":63,"column":3}},"line":21},"2":{"name":"(anonymous_2)","decl":{"start":{"line":70,"column":2},"end":{"line":70,"column":3}},"loc":{"start":{"line":70,"column":57},"end":{"line":128,"column":3}},"line":70},"3":{"name":"(anonymous_3)","decl":{"start":{"line":136,"column":2},"end":{"line":136,"column":3}},"loc":{"start":{"line":136,"column":72},"end":{"line":196,"column":3}},"line":136},"4":{"name":"(anonymous_4)","decl":{"start":{"line":203,"column":2},"end":{"line":203,"column":3}},"loc":{"start":{"line":203,"column":50},"end":{"line":248,"column":3}},"line":203},"5":{"name":"(anonymous_5)","decl":{"start":{"line":255,"column":2},"end":{"line":255,"column":3}},"loc":{"start":{"line":255,"column":45},"end":{"line":269,"column":3}},"line":255},"6":{"name":"(anonymous_6)","decl":{"start":{"line":277,"column":2},"end":{"line":277,"column":3}},"loc":{"start":{"line":277,"column":60},"end":{"line":294,"column":3}},"line":277},"7":{"name":"(anonymous_7)","decl":{"start":{"line":305,"column":2},"end":{"line":305,"column":3}},"loc":{"start":{"line":305,"column":51},"end":{"line":345,"column":3}},"line":305},"8":{"name":"(anonymous_8)","decl":{"start":{"line":353,"column":2},"end":{"line":353,"column":3}},"loc":{"start":{"line":353,"column":30},"end":{"line":380,"column":3}},"line":353},"9":{"name":"(anonymous_9)","decl":{"start":{"line":357,"column":19},"end":{"line":357,"column":20}},"loc":{"start":{"line":357,"column":37},"end":{"line":377,"column":5}},"line":357},"10":{"name":"(anonymous_10)","decl":{"start":{"line":388,"column":2},"end":{"line":388,"column":3}},"loc":{"start":{"line":388,"column":29},"end":{"line":400,"column":3}},"line":388},"11":{"name":"(anonymous_11)","decl":{"start":{"line":408,"column":2},"end":{"line":408,"column":3}},"loc":{"start":{"line":408,"column":25},"end":{"line":421,"column":3}},"line":408}},"branchMap":{"0":{"loc":{"start":{"line":21,"column":36},"end":{"line":21,"column":59}},"type":"default-arg","locations":[{"start":{"line":21,"column":55},"end":{"line":21,"column":59}}],"line":21},"1":{"loc":{"start":{"line":21,"column":61},"end":{"line":21,"column":78}},"type":"default-arg","locations":[{"start":{"line":21,"column":76},"end":{"line":21,"column":78}}],"line":21},"2":{"loc":{"start":{"line":25,"column":20},"end":{"line":25,"column":73}},"type":"cond-expr","locations":[{"start":{"line":25,"column":39},"end":{"line":25,"column":66}},{"start":{"line":25,"column":69},"end":{"line":25,"column":73}}],"line":25},"3":{"loc":{"start":{"line":49,"column":20},"end":{"line":49,"column":104}},"type":"cond-expr","locations":[{"start":{"line":49,"column":39},"end":{"line":49,"column":69}},{"start":{"line":49,"column":72},"end":{"line":49,"column":104}}],"line":49},"4":{"loc":{"start":{"line":50,"column":79},"end":{"line":50,"column":114}},"type":"cond-expr","locations":[{"start":{"line":50,"column":98},"end":{"line":50,"column":104}},{"start":{"line":50,"column":107},"end":{"line":50,"column":114}}],"line":50},"5":{"loc":{"start":{"line":70,"column":44},"end":{"line":70,"column":55}},"type":"default-arg","locations":[{"start":{"line":70,"column":53},"end":{"line":70,"column":55}}],"line":70},"6":{"loc":{"start":{"line":73,"column":4},"end":{"line":94,"column":5}},"type":"if","locations":[{"start":{"line":73,"column":4},"end":{"line":94,"column":5}},{"start":{},"end":{}}],"line":73},"7":{"loc":{"start":{"line":73,"column":8},"end":{"line":73,"column":38}},"type":"binary-expr","locations":[{"start":{"line":73,"column":8},"end":{"line":73,"column":15}},{"start":{"line":73,"column":19},"end":{"line":73,"column":38}}],"line":73},"8":{"loc":{"start":{"line":113,"column":4},"end":{"line":119,"column":5}},"type":"if","locations":[{"start":{"line":113,"column":4},"end":{"line":119,"column":5}},{"start":{},"end":{}}],"line":113},"9":{"loc":{"start":{"line":136,"column":54},"end":{"line":136,"column":70}},"type":"default-arg","locations":[{"start":{"line":136,"column":66},"end":{"line":136,"column":70}}],"line":136},"10":{"loc":{"start":{"line":138,"column":18},"end":{"line":138,"column":71}},"type":"cond-expr","locations":[{"start":{"line":138,"column":37},"end":{"line":138,"column":64}},{"start":{"line":138,"column":67},"end":{"line":138,"column":71}}],"line":138},"11":{"loc":{"start":{"line":142,"column":4},"end":{"line":149,"column":5}},"type":"if","locations":[{"start":{"line":142,"column":4},"end":{"line":149,"column":5}},{"start":{},"end":{}}],"line":142},"12":{"loc":{"start":{"line":151,"column":4},"end":{"line":164,"column":5}},"type":"if","locations":[{"start":{"line":151,"column":4},"end":{"line":164,"column":5}},{"start":{},"end":{}}],"line":151},"13":{"loc":{"start":{"line":152,"column":43},"end":{"line":152,"column":88}},"type":"cond-expr","locations":[{"start":{"line":152,"column":61},"end":{"line":152,"column":73}},{"start":{"line":152,"column":76},"end":{"line":152,"column":88}}],"line":152},"14":{"loc":{"start":{"line":157,"column":6},"end":{"line":159,"column":7}},"type":"if","locations":[{"start":{"line":157,"column":6},"end":{"line":159,"column":7}},{"start":{},"end":{}}],"line":157},"15":{"loc":{"start":{"line":161,"column":6},"end":{"line":163,"column":7}},"type":"if","locations":[{"start":{"line":161,"column":6},"end":{"line":163,"column":7}},{"start":{},"end":{}}],"line":161},"16":{"loc":{"start":{"line":172,"column":18},"end":{"line":172,"column":108}},"type":"cond-expr","locations":[{"start":{"line":172,"column":37},"end":{"line":172,"column":70}},{"start":{"line":172,"column":73},"end":{"line":172,"column":108}}],"line":172},"17":{"loc":{"start":{"line":173,"column":77},"end":{"line":173,"column":112}},"type":"cond-expr","locations":[{"start":{"line":173,"column":96},"end":{"line":173,"column":102}},{"start":{"line":173,"column":105},"end":{"line":173,"column":112}}],"line":173},"18":{"loc":{"start":{"line":208,"column":4},"end":{"line":221,"column":5}},"type":"if","locations":[{"start":{"line":208,"column":4},"end":{"line":221,"column":5}},{"start":{"line":213,"column":11},"end":{"line":221,"column":5}}],"line":208},"19":{"loc":{"start":{"line":208,"column":8},"end":{"line":208,"column":37}},"type":"binary-expr","locations":[{"start":{"line":208,"column":8},"end":{"line":208,"column":18}},{"start":{"line":208,"column":22},"end":{"line":208,"column":37}}],"line":208},"20":{"loc":{"start":{"line":211,"column":51},"end":{"line":211,"column":93}},"type":"binary-expr","locations":[{"start":{"line":211,"column":51},"end":{"line":211,"column":80}},{"start":{"line":211,"column":84},"end":{"line":211,"column":93}}],"line":211},"21":{"loc":{"start":{"line":213,"column":11},"end":{"line":221,"column":5}},"type":"if","locations":[{"start":{"line":213,"column":11},"end":{"line":221,"column":5}},{"start":{"line":217,"column":11},"end":{"line":221,"column":5}}],"line":213},"22":{"loc":{"start":{"line":265,"column":20},"end":{"line":265,"column":83}},"type":"binary-expr","locations":[{"start":{"line":265,"column":20},"end":{"line":265,"column":46}},{"start":{"line":265,"column":50},"end":{"line":265,"column":83}}],"line":265},"23":{"loc":{"start":{"line":277,"column":46},"end":{"line":277,"column":58}},"type":"default-arg","locations":[{"start":{"line":277,"column":54},"end":{"line":277,"column":58}}],"line":277},"24":{"loc":{"start":{"line":281,"column":4},"end":{"line":283,"column":5}},"type":"if","locations":[{"start":{"line":281,"column":4},"end":{"line":283,"column":5}},{"start":{},"end":{}}],"line":281},"25":{"loc":{"start":{"line":305,"column":32},"end":{"line":305,"column":49}},"type":"default-arg","locations":[{"start":{"line":305,"column":47},"end":{"line":305,"column":49}}],"line":305},"26":{"loc":{"start":{"line":316,"column":4},"end":{"line":327,"column":5}},"type":"if","locations":[{"start":{"line":316,"column":4},"end":{"line":327,"column":5}},{"start":{},"end":{}}],"line":316},"27":{"loc":{"start":{"line":318,"column":25},"end":{"line":318,"column":70}},"type":"cond-expr","locations":[{"start":{"line":318,"column":43},"end":{"line":318,"column":54}},{"start":{"line":318,"column":57},"end":{"line":318,"column":70}}],"line":318},"28":{"loc":{"start":{"line":322,"column":6},"end":{"line":324,"column":7}},"type":"if","locations":[{"start":{"line":322,"column":6},"end":{"line":324,"column":7}},{"start":{},"end":{}}],"line":322},"29":{"loc":{"start":{"line":331,"column":4},"end":{"line":339,"column":5}},"type":"if","locations":[{"start":{"line":331,"column":4},"end":{"line":339,"column":5}},{"start":{"line":337,"column":11},"end":{"line":339,"column":5}}],"line":331},"30":{"loc":{"start":{"line":331,"column":8},"end":{"line":331,"column":47}},"type":"binary-expr","locations":[{"start":{"line":331,"column":8},"end":{"line":331,"column":20}},{"start":{"line":331,"column":24},"end":{"line":331,"column":47}}],"line":331},"31":{"loc":{"start":{"line":334,"column":6},"end":{"line":336,"column":7}},"type":"if","locations":[{"start":{"line":334,"column":6},"end":{"line":336,"column":7}},{"start":{},"end":{}}],"line":334},"32":{"loc":{"start":{"line":363,"column":6},"end":{"line":367,"column":7}},"type":"if","locations":[{"start":{"line":363,"column":6},"end":{"line":367,"column":7}},{"start":{"line":365,"column":13},"end":{"line":367,"column":7}}],"line":363},"33":{"loc":{"start":{"line":374,"column":6},"end":{"line":376,"column":7}},"type":"if","locations":[{"start":{"line":374,"column":6},"end":{"line":376,"column":7}},{"start":{},"end":{}}],"line":374},"34":{"loc":{"start":{"line":395,"column":4},"end":{"line":399,"column":5}},"type":"if","locations":[{"start":{"line":395,"column":4},"end":{"line":399,"column":5}},{"start":{"line":397,"column":11},"end":{"line":399,"column":5}}],"line":395},"35":{"loc":{"start":{"line":413,"column":4},"end":{"line":413,"column":40}},"type":"if","locations":[{"start":{"line":413,"column":4},"end":{"line":413,"column":40}},{"start":{},"end":{}}],"line":413},"36":{"loc":{"start":{"line":414,"column":4},"end":{"line":414,"column":49}},"type":"if","locations":[{"start":{"line":414,"column":4},"end":{"line":414,"column":49}},{"start":{},"end":{}}],"line":414},"37":{"loc":{"start":{"line":417,"column":4},"end":{"line":417,"column":51}},"type":"if","locations":[{"start":{"line":417,"column":4},"end":{"line":417,"column":51}},{"start":{},"end":{}}],"line":417}},"s":{"0":0,"1":0,"2":0,"3":0,"4":0,"5":0,"6":0,"7":0,"8":0,"9":0,"10":0,"11":0,"12":0,"13":0,"14":0,"15":0,"16":0,"17":0,"18":0,"19":0,"20":0,"21":0,"22":0,"23":0,"24":0,"25":0,"26":0,"27":0,"28":0,"29":0,"30":0,"31":0,"32":0,"33":0,"34":0,"35":0,"36":0,"37":0,"38":0,"39":0,"40":0,"41":0,"42":0,"43":0,"44":0,"45":0,"46":0,"47":0,"48":0,"49":0,"50":0,"51":0,"52":0,"53":0,"54":0,"55":0,"56":0,"57":0,"58":0,"59":0,"60":0,"61":0,"62":0,"63":0,"64":0,"65":0,"66":0,"67":0,"68":0,"69":0,"70":0,"71":0,"72":0,"73":0,"74":0,"75":0,"76":0,"77":0,"78":0,"79":0,"80":0,"81":0,"82":0,"83":0,"84":0,"85":0,"86":0,"87":0,"88":0,"89":0,"90":0,"91":0,"92":0,"93":0,"94":0,"95":0,"96":0,"97":0,"98":0,"99":0,"100":0,"101":0,"102":0,"103":0,"104":0,"105":0,"106":0,"107":0,"108":0,"109":0,"110":0,"111":0,"112":0,"113":0,"114":0,"115":0,"116":0,"117":0,"118":0,"119":0,"120":0,"121":0,"122":0,"123":0,"124":0},"f":{"0":0,"1":0,"2":0,"3":0,"4":0,"5":0,"6":0,"7":0,"8":0,"9":0,"10":0,"11":0},"b":{"0":[0],"1":[0],"2":[0,0],"3":[0,0],"4":[0,0],"5":[0],"6":[0,0],"7":[0,0],"8":[0,0],"9":[0],"10":[0,0],"11":[0,0],"12":[0,0],"13":[0,0],"14":[0,0],"15":[0,0],"16":[0,0],"17":[0,0],"18":[0,0],"19":[0,0],"20":[0,0],"21":[0,0],"22":[0,0],"23":[0],"24":[0,0],"25":[0],"26":[0,0],"27":[0,0],"28":[0,0],"29":[0,0],"30":[0,0],"31":[0,0],"32":[0,0],"33":[0,0],"34":[0,0],"35":[0,0],"36":[0,0],"37":[0,0]}}
,"/Users/undevy/telegram-cms-project/utils/contentNavigationEnhancer.js": {"path":"/Users/undevy/telegram-cms-project/utils/contentNavigationEnhancer.js","statementMap":{"0":{"start":{"line":1,"column":26},"end":{"line":1,"column":56}},"1":{"start":{"line":2,"column":22},"end":{"line":2,"column":48}},"2":{"start":{"line":3,"column":37},"end":{"line":3,"column":67}},"3":{"start":{"line":10,"column":4},"end":{"line":10,"column":53}},"4":{"start":{"line":11,"column":4},"end":{"line":11,"column":45}},"5":{"start":{"line":20,"column":19},"end":{"line":20,"column":30}},"6":{"start":{"line":23,"column":28},"end":{"line":23,"column":91}},"7":{"start":{"line":25,"column":24},"end":{"line":42,"column":5}},"8":{"start":{"line":44,"column":4},"end":{"line":47,"column":7}},"9":{"start":{"line":57,"column":19},"end":{"line":57,"column":30}},"10":{"start":{"line":59,"column":28},"end":{"line":59,"column":95}},"11":{"start":{"line":61,"column":24},"end":{"line":83,"column":5}},"12":{"start":{"line":85,"column":4},"end":{"line":88,"column":7}},"13":{"start":{"line":99,"column":19},"end":{"line":99,"column":30}},"14":{"start":{"line":101,"column":30},"end":{"line":106,"column":5}},"15":{"start":{"line":108,"column":25},"end":{"line":108,"column":92}},"16":{"start":{"line":110,"column":4},"end":{"line":112,"column":5}},"17":{"start":{"line":111,"column":6},"end":{"line":111,"column":75}},"18":{"start":{"line":114,"column":4},"end":{"line":116,"column":5}},"19":{"start":{"line":115,"column":6},"end":{"line":115,"column":85}},"20":{"start":{"line":118,"column":20},"end":{"line":118,"column":22}},"21":{"start":{"line":121,"column":4},"end":{"line":132,"column":5}},"22":{"start":{"line":122,"column":6},"end":{"line":126,"column":9}},"23":{"start":{"line":127,"column":6},"end":{"line":131,"column":9}},"24":{"start":{"line":134,"column":4},"end":{"line":140,"column":5}},"25":{"start":{"line":135,"column":6},"end":{"line":139,"column":9}},"26":{"start":{"line":143,"column":4},"end":{"line":147,"column":7}},"27":{"start":{"line":149,"column":4},"end":{"line":153,"column":7}},"28":{"start":{"line":155,"column":24},"end":{"line":159,"column":5}},"29":{"start":{"line":161,"column":4},"end":{"line":161,"column":65}},"30":{"start":{"line":172,"column":19},"end":{"line":172,"column":30}},"31":{"start":{"line":174,"column":25},"end":{"line":174,"column":67}},"32":{"start":{"line":176,"column":20},"end":{"line":176,"column":22}},"33":{"start":{"line":177,"column":4},"end":{"line":179,"column":5}},"34":{"start":{"line":178,"column":6},"end":{"line":178,"column":44}},"35":{"start":{"line":181,"column":22},"end":{"line":185,"column":5}},"36":{"start":{"line":187,"column":4},"end":{"line":187,"column":63}},"37":{"start":{"line":196,"column":28},"end":{"line":203,"column":5}},"38":{"start":{"line":205,"column":20},"end":{"line":205,"column":65}},"39":{"start":{"line":207,"column":24},"end":{"line":207,"column":76}},"40":{"start":{"line":208,"column":4},"end":{"line":208,"column":72}},"41":{"start":{"line":220,"column":19},"end":{"line":220,"column":30}},"42":{"start":{"line":221,"column":21},"end":{"line":221,"column":65}},"43":{"start":{"line":223,"column":26},"end":{"line":223,"column":98}},"44":{"start":{"line":224,"column":4},"end":{"line":224,"column":87}},"45":{"start":{"line":225,"column":4},"end":{"line":225,"column":48}},"46":{"start":{"line":227,"column":20},"end":{"line":233,"column":5}},"47":{"start":{"line":235,"column":4},"end":{"line":241,"column":5}},"48":{"start":{"line":236,"column":6},"end":{"line":240,"column":9}},"49":{"start":{"line":243,"column":25},"end":{"line":247,"column":5}},"50":{"start":{"line":249,"column":4},"end":{"line":249,"column":66}},"51":{"start":{"line":258,"column":19},"end":{"line":258,"column":30}},"52":{"start":{"line":260,"column":28},"end":{"line":260,"column":101}},"53":{"start":{"line":262,"column":24},"end":{"line":279,"column":5}},"54":{"start":{"line":281,"column":4},"end":{"line":284,"column":7}},"55":{"start":{"line":295,"column":19},"end":{"line":295,"column":30}},"56":{"start":{"line":297,"column":30},"end":{"line":297,"column":53}},"57":{"start":{"line":298,"column":4},"end":{"line":298,"column":47}},"58":{"start":{"line":299,"column":4},"end":{"line":299,"column":72}},"59":{"start":{"line":300,"column":4},"end":{"line":300,"column":79}},"60":{"start":{"line":302,"column":4},"end":{"line":304,"column":5}},"61":{"start":{"line":303,"column":6},"end":{"line":303,"column":125}},"62":{"start":{"line":306,"column":29},"end":{"line":311,"column":5}},"63":{"start":{"line":313,"column":4},"end":{"line":313,"column":70}},"64":{"start":{"line":317,"column":0},"end":{"line":317,"column":43}}},"fnMap":{"0":{"name":"(anonymous_0)","decl":{"start":{"line":9,"column":2},"end":{"line":9,"column":3}},"loc":{"start":{"line":9,"column":16},"end":{"line":12,"column":3}},"line":9},"1":{"name":"(anonymous_1)","decl":{"start":{"line":19,"column":2},"end":{"line":19,"column":3}},"loc":{"start":{"line":19,"column":49},"end":{"line":48,"column":3}},"line":19},"2":{"name":"(anonymous_2)","decl":{"start":{"line":56,"column":2},"end":{"line":56,"column":3}},"loc":{"start":{"line":56,"column":60},"end":{"line":89,"column":3}},"line":56},"3":{"name":"(anonymous_3)","decl":{"start":{"line":98,"column":2},"end":{"line":98,"column":3}},"loc":{"start":{"line":98,"column":81},"end":{"line":162,"column":3}},"line":98},"4":{"name":"(anonymous_4)","decl":{"start":{"line":171,"column":2},"end":{"line":171,"column":3}},"loc":{"start":{"line":171,"column":72},"end":{"line":188,"column":3}},"line":171},"5":{"name":"(anonymous_5)","decl":{"start":{"line":195,"column":2},"end":{"line":195,"column":3}},"loc":{"start":{"line":195,"column":43},"end":{"line":209,"column":3}},"line":195},"6":{"name":"(anonymous_6)","decl":{"start":{"line":219,"column":2},"end":{"line":219,"column":3}},"loc":{"start":{"line":219,"column":86},"end":{"line":250,"column":3}},"line":219},"7":{"name":"(anonymous_7)","decl":{"start":{"line":257,"column":2},"end":{"line":257,"column":3}},"loc":{"start":{"line":257,"column":52},"end":{"line":285,"column":3}},"line":257},"8":{"name":"(anonymous_8)","decl":{"start":{"line":294,"column":2},"end":{"line":294,"column":3}},"loc":{"start":{"line":294,"column":77},"end":{"line":314,"column":3}},"line":294}},"branchMap":{"0":{"loc":{"start":{"line":98,"column":45},"end":{"line":98,"column":58}},"type":"default-arg","locations":[{"start":{"line":98,"column":54},"end":{"line":98,"column":58}}],"line":98},"1":{"loc":{"start":{"line":98,"column":60},"end":{"line":98,"column":79}},"type":"default-arg","locations":[{"start":{"line":98,"column":77},"end":{"line":98,"column":79}}],"line":98},"2":{"loc":{"start":{"line":108,"column":25},"end":{"line":108,"column":92}},"type":"binary-expr","locations":[{"start":{"line":108,"column":25},"end":{"line":108,"column":53}},{"start":{"line":108,"column":57},"end":{"line":108,"column":92}}],"line":108},"3":{"loc":{"start":{"line":110,"column":4},"end":{"line":112,"column":5}},"type":"if","locations":[{"start":{"line":110,"column":4},"end":{"line":112,"column":5}},{"start":{},"end":{}}],"line":110},"4":{"loc":{"start":{"line":114,"column":4},"end":{"line":116,"column":5}},"type":"if","locations":[{"start":{"line":114,"column":4},"end":{"line":116,"column":5}},{"start":{},"end":{}}],"line":114},"5":{"loc":{"start":{"line":121,"column":4},"end":{"line":132,"column":5}},"type":"if","locations":[{"start":{"line":121,"column":4},"end":{"line":132,"column":5}},{"start":{},"end":{}}],"line":121},"6":{"loc":{"start":{"line":121,"column":8},"end":{"line":121,"column":41}},"type":"binary-expr","locations":[{"start":{"line":121,"column":8},"end":{"line":121,"column":31}},{"start":{"line":121,"column":35},"end":{"line":121,"column":41}}],"line":121},"7":{"loc":{"start":{"line":134,"column":4},"end":{"line":140,"column":5}},"type":"if","locations":[{"start":{"line":134,"column":4},"end":{"line":140,"column":5}},{"start":{},"end":{}}],"line":134},"8":{"loc":{"start":{"line":134,"column":8},"end":{"line":134,"column":41}},"type":"binary-expr","locations":[{"start":{"line":134,"column":8},"end":{"line":134,"column":31}},{"start":{"line":134,"column":35},"end":{"line":134,"column":41}}],"line":134},"9":{"loc":{"start":{"line":171,"column":50},"end":{"line":171,"column":70}},"type":"default-arg","locations":[{"start":{"line":171,"column":66},"end":{"line":171,"column":70}}],"line":171},"10":{"loc":{"start":{"line":177,"column":4},"end":{"line":179,"column":5}},"type":"if","locations":[{"start":{"line":177,"column":4},"end":{"line":179,"column":5}},{"start":{},"end":{}}],"line":177},"11":{"loc":{"start":{"line":205,"column":20},"end":{"line":205,"column":65}},"type":"binary-expr","locations":[{"start":{"line":205,"column":20},"end":{"line":205,"column":46}},{"start":{"line":205,"column":50},"end":{"line":205,"column":65}}],"line":205},"12":{"loc":{"start":{"line":223,"column":31},"end":{"line":223,"column":79}},"type":"cond-expr","locations":[{"start":{"line":223,"column":57},"end":{"line":223,"column":67}},{"start":{"line":223,"column":70},"end":{"line":223,"column":79}}],"line":223},"13":{"loc":{"start":{"line":229,"column":40},"end":{"line":229,"column":88}},"type":"cond-expr","locations":[{"start":{"line":229,"column":66},"end":{"line":229,"column":76}},{"start":{"line":229,"column":79},"end":{"line":229,"column":88}}],"line":229},"14":{"loc":{"start":{"line":235,"column":4},"end":{"line":241,"column":5}},"type":"if","locations":[{"start":{"line":235,"column":4},"end":{"line":241,"column":5}},{"start":{},"end":{}}],"line":235},"15":{"loc":{"start":{"line":294,"column":56},"end":{"line":294,"column":75}},"type":"default-arg","locations":[{"start":{"line":294,"column":73},"end":{"line":294,"column":75}}],"line":294},"16":{"loc":{"start":{"line":299,"column":39},"end":{"line":299,"column":67}},"type":"binary-expr","locations":[{"start":{"line":299,"column":39},"end":{"line":299,"column":53}},{"start":{"line":299,"column":57},"end":{"line":299,"column":67}}],"line":299},"17":{"loc":{"start":{"line":300,"column":38},"end":{"line":300,"column":76}},"type":"binary-expr","locations":[{"start":{"line":300,"column":38},"end":{"line":300,"column":63}},{"start":{"line":300,"column":67},"end":{"line":300,"column":76}}],"line":300},"18":{"loc":{"start":{"line":302,"column":4},"end":{"line":304,"column":5}},"type":"if","locations":[{"start":{"line":302,"column":4},"end":{"line":304,"column":5}},{"start":{},"end":{}}],"line":302}},"s":{"0":0,"1":0,"2":0,"3":0,"4":0,"5":0,"6":0,"7":0,"8":0,"9":0,"10":0,"11":0,"12":0,"13":0,"14":0,"15":0,"16":0,"17":0,"18":0,"19":0,"20":0,"21":0,"22":0,"23":0,"24":0,"25":0,"26":0,"27":0,"28":0,"29":0,"30":0,"31":0,"32":0,"33":0,"34":0,"35":0,"36":0,"37":0,"38":0,"39":0,"40":0,"41":0,"42":0,"43":0,"44":0,"45":0,"46":0,"47":0,"48":0,"49":0,"50":0,"51":0,"52":0,"53":0,"54":0,"55":0,"56":0,"57":0,"58":0,"59":0,"60":0,"61":0,"62":0,"63":0,"64":0},"f":{"0":0,"1":0,"2":0,"3":0,"4":0,"5":0,"6":0,"7":0,"8":0},"b":{"0":[0],"1":[0],"2":[0,0],"3":[0,0],"4":[0,0],"5":[0,0],"6":[0,0],"7":[0,0],"8":[0,0],"9":[0],"10":[0,0],"11":[0,0],"12":[0,0],"13":[0,0],"14":[0,0],"15":[0],"16":[0,0],"17":[0,0],"18":[0,0]}}
,"/Users/undevy/telegram-cms-project/utils/format.js": {"path":"/Users/undevy/telegram-cms-project/utils/format.js","statementMap":{"0":{"start":{"line":1,"column":18},"end":{"line":1,"column":48}},"1":{"start":{"line":9,"column":2},"end":{"line":11,"column":3}},"2":{"start":{"line":10,"column":4},"end":{"line":10,"column":14}},"3":{"start":{"line":12,"column":2},"end":{"line":12,"column":65}},"4":{"start":{"line":21,"column":2},"end":{"line":27,"column":5}},"5":{"start":{"line":36,"column":2},"end":{"line":36,"column":53}},"6":{"start":{"line":36,"column":41},"end":{"line":36,"column":53}},"7":{"start":{"line":37,"column":2},"end":{"line":37,"column":46}},"8":{"start":{"line":45,"column":2},"end":{"line":45,"column":40}},"9":{"start":{"line":45,"column":20},"end":{"line":45,"column":40}},"10":{"start":{"line":46,"column":2},"end":{"line":46,"column":68}},"11":{"start":{"line":46,"column":27},"end":{"line":46,"column":68}},"12":{"start":{"line":47,"column":2},"end":{"line":47,"column":52}},"13":{"start":{"line":56,"column":15},"end":{"line":56,"column":42}},"14":{"start":{"line":57,"column":16},"end":{"line":57,"column":52}},"15":{"start":{"line":58,"column":18},"end":{"line":58,"column":51}},"16":{"start":{"line":59,"column":15},"end":{"line":59,"column":39}},"17":{"start":{"line":61,"column":16},"end":{"line":61,"column":18}},"18":{"start":{"line":62,"column":2},"end":{"line":62,"column":39}},"19":{"start":{"line":62,"column":16},"end":{"line":62,"column":39}},"20":{"start":{"line":63,"column":2},"end":{"line":63,"column":41}},"21":{"start":{"line":63,"column":17},"end":{"line":63,"column":41}},"22":{"start":{"line":64,"column":2},"end":{"line":64,"column":45}},"23":{"start":{"line":64,"column":19},"end":{"line":64,"column":45}},"24":{"start":{"line":65,"column":2},"end":{"line":65,"column":61}},"25":{"start":{"line":65,"column":38},"end":{"line":65,"column":61}},"26":{"start":{"line":67,"column":2},"end":{"line":67,"column":25}},"27":{"start":{"line":70,"column":0},"end":{"line":76,"column":2}}},"fnMap":{"0":{"name":"escapeMarkdown","decl":{"start":{"line":8,"column":9},"end":{"line":8,"column":23}},"loc":{"start":{"line":8,"column":30},"end":{"line":13,"column":1}},"line":8},"1":{"name":"formatDate","decl":{"start":{"line":20,"column":9},"end":{"line":20,"column":19}},"loc":{"start":{"line":20,"column":26},"end":{"line":28,"column":1}},"line":20},"2":{"name":"truncateText","decl":{"start":{"line":35,"column":9},"end":{"line":35,"column":21}},"loc":{"start":{"line":35,"column":45},"end":{"line":38,"column":1}},"line":35},"3":{"name":"formatFileSize","decl":{"start":{"line":44,"column":9},"end":{"line":44,"column":23}},"loc":{"start":{"line":44,"column":31},"end":{"line":48,"column":1}},"line":44},"4":{"name":"formatUptime","decl":{"start":{"line":55,"column":9},"end":{"line":55,"column":21}},"loc":{"start":{"line":55,"column":31},"end":{"line":68,"column":1}},"line":55}},"branchMap":{"0":{"loc":{"start":{"line":9,"column":2},"end":{"line":11,"column":3}},"type":"if","locations":[{"start":{"line":9,"column":2},"end":{"line":11,"column":3}},{"start":{},"end":{}}],"line":9},"1":{"loc":{"start":{"line":9,"column":6},"end":{"line":9,"column":50}},"type":"binary-expr","locations":[{"start":{"line":9,"column":6},"end":{"line":9,"column":19}},{"start":{"line":9,"column":23},"end":{"line":9,"column":50}}],"line":9},"2":{"loc":{"start":{"line":35,"column":28},"end":{"line":35,"column":43}},"type":"default-arg","locations":[{"start":{"line":35,"column":40},"end":{"line":35,"column":43}}],"line":35},"3":{"loc":{"start":{"line":36,"column":2},"end":{"line":36,"column":53}},"type":"if","locations":[{"start":{"line":36,"column":2},"end":{"line":36,"column":53}},{"start":{},"end":{}}],"line":36},"4":{"loc":{"start":{"line":36,"column":6},"end":{"line":36,"column":39}},"type":"binary-expr","locations":[{"start":{"line":36,"column":6},"end":{"line":36,"column":11}},{"start":{"line":36,"column":15},"end":{"line":36,"column":39}}],"line":36},"5":{"loc":{"start":{"line":45,"column":2},"end":{"line":45,"column":40}},"type":"if","locations":[{"start":{"line":45,"column":2},"end":{"line":45,"column":40}},{"start":{},"end":{}}],"line":45},"6":{"loc":{"start":{"line":46,"column":2},"end":{"line":46,"column":68}},"type":"if","locations":[{"start":{"line":46,"column":2},"end":{"line":46,"column":68}},{"start":{},"end":{}}],"line":46},"7":{"loc":{"start":{"line":62,"column":2},"end":{"line":62,"column":39}},"type":"if","locations":[{"start":{"line":62,"column":2},"end":{"line":62,"column":39}},{"start":{},"end":{}}],"line":62},"8":{"loc":{"start":{"line":63,"column":2},"end":{"line":63,"column":41}},"type":"if","locations":[{"start":{"line":63,"column":2},"end":{"line":63,"column":41}},{"start":{},"end":{}}],"line":63},"9":{"loc":{"start":{"line":64,"column":2},"end":{"line":64,"column":45}},"type":"if","locations":[{"start":{"line":64,"column":2},"end":{"line":64,"column":45}},{"start":{},"end":{}}],"line":64},"10":{"loc":{"start":{"line":65,"column":2},"end":{"line":65,"column":61}},"type":"if","locations":[{"start":{"line":65,"column":2},"end":{"line":65,"column":61}},{"start":{},"end":{}}],"line":65},"11":{"loc":{"start":{"line":65,"column":6},"end":{"line":65,"column":36}},"type":"binary-expr","locations":[{"start":{"line":65,"column":6},"end":{"line":65,"column":14}},{"start":{"line":65,"column":18},"end":{"line":65,"column":36}}],"line":65}},"s":{"0":1,"1":4,"2":2,"3":2,"4":2,"5":4,"6":3,"7":1,"8":3,"9":1,"10":2,"11":1,"12":1,"13":3,"14":3,"15":3,"16":3,"17":3,"18":3,"19":1,"20":3,"21":2,"22":3,"23":2,"24":3,"25":3,"26":3,"27":1},"f":{"0":4,"1":2,"2":4,"3":3,"4":3},"b":{"0":[2,2],"1":[4,3],"2":[0],"3":[3,1],"4":[4,2],"5":[1,2],"6":[1,1],"7":[1,2],"8":[2,1],"9":[2,1],"10":[3,0],"11":[3,1]},"_coverageSchema":"1a1c01bbd47fc00a2c39e90264f33305004495a9","hash":"8ebbbe4823b2d4371572247fe12e5d4dfc9fe29d"}
,"/Users/undevy/telegram-cms-project/utils/helpers.js": {"path":"/Users/undevy/telegram-cms-project/utils/helpers.js","statementMap":{"0":{"start":{"line":1,"column":11},"end":{"line":1,"column":33}},"1":{"start":{"line":2,"column":13},"end":{"line":2,"column":28}},"2":{"start":{"line":3,"column":23},"end":{"line":3,"column":53}},"3":{"start":{"line":10,"column":2},"end":{"line":19,"column":3}},"4":{"start":{"line":11,"column":18},"end":{"line":11,"column":46}},"5":{"start":{"line":12,"column":4},"end":{"line":15,"column":17}},"6":{"start":{"line":13,"column":19},"end":{"line":13,"column":66}},"7":{"start":{"line":17,"column":4},"end":{"line":17,"column":43}},"8":{"start":{"line":17,"column":33},"end":{"line":17,"column":43}},"9":{"start":{"line":18,"column":4},"end":{"line":18,"column":16}},"10":{"start":{"line":28,"column":23},"end":{"line":28,"column":76}},"11":{"start":{"line":29,"column":21},"end":{"line":32,"column":3}},"12":{"start":{"line":33,"column":2},"end":{"line":33,"column":54}},"13":{"start":{"line":41,"column":2},"end":{"line":45,"column":5}},"14":{"start":{"line":55,"column":2},"end":{"line":55,"column":52}},"15":{"start":{"line":55,"column":35},"end":{"line":55,"column":52}},"16":{"start":{"line":57,"column":17},"end":{"line":57,"column":19}},"17":{"start":{"line":58,"column":21},"end":{"line":58,"column":23}},"18":{"start":{"line":60,"column":16},"end":{"line":60,"column":35}},"19":{"start":{"line":62,"column":2},"end":{"line":69,"column":3}},"20":{"start":{"line":63,"column":4},"end":{"line":68,"column":5}},"21":{"start":{"line":64,"column":6},"end":{"line":64,"column":32}},"22":{"start":{"line":65,"column":6},"end":{"line":65,"column":26}},"23":{"start":{"line":67,"column":6},"end":{"line":67,"column":56}},"24":{"start":{"line":71,"column":2},"end":{"line":71,"column":46}},"25":{"start":{"line":71,"column":20},"end":{"line":71,"column":46}},"26":{"start":{"line":73,"column":2},"end":{"line":73,"column":16}},"27":{"start":{"line":76,"column":0},"end":{"line":81,"column":2}}},"fnMap":{"0":{"name":"getBackupFiles","decl":{"start":{"line":9,"column":15},"end":{"line":9,"column":29}},"loc":{"start":{"line":9,"column":32},"end":{"line":20,"column":1}},"line":9},"1":{"name":"(anonymous_1)","decl":{"start":{"line":13,"column":14},"end":{"line":13,"column":15}},"loc":{"start":{"line":13,"column":19},"end":{"line":13,"column":66}},"line":13},"2":{"name":"parseBackupName","decl":{"start":{"line":27,"column":9},"end":{"line":27,"column":24}},"loc":{"start":{"line":27,"column":35},"end":{"line":34,"column":1}},"line":27},"3":{"name":"getTimestamp","decl":{"start":{"line":40,"column":9},"end":{"line":40,"column":21}},"loc":{"start":{"line":40,"column":24},"end":{"line":46,"column":1}},"line":40},"4":{"name":"splitMessage","decl":{"start":{"line":54,"column":9},"end":{"line":54,"column":21}},"loc":{"start":{"line":54,"column":49},"end":{"line":74,"column":1}},"line":54}},"branchMap":{"0":{"loc":{"start":{"line":13,"column":19},"end":{"line":13,"column":66}},"type":"binary-expr","locations":[{"start":{"line":13,"column":19},"end":{"line":13,"column":43}},{"start":{"line":13,"column":47},"end":{"line":13,"column":66}}],"line":13},"1":{"loc":{"start":{"line":17,"column":4},"end":{"line":17,"column":43}},"type":"if","locations":[{"start":{"line":17,"column":4},"end":{"line":17,"column":43}},{"start":{},"end":{}}],"line":17},"2":{"loc":{"start":{"line":54,"column":31},"end":{"line":54,"column":47}},"type":"default-arg","locations":[{"start":{"line":54,"column":43},"end":{"line":54,"column":47}}],"line":54},"3":{"loc":{"start":{"line":55,"column":2},"end":{"line":55,"column":52}},"type":"if","locations":[{"start":{"line":55,"column":2},"end":{"line":55,"column":52}},{"start":{},"end":{}}],"line":55},"4":{"loc":{"start":{"line":63,"column":4},"end":{"line":68,"column":5}},"type":"if","locations":[{"start":{"line":63,"column":4},"end":{"line":68,"column":5}},{"start":{"line":66,"column":11},"end":{"line":68,"column":5}}],"line":63},"5":{"loc":{"start":{"line":67,"column":23},"end":{"line":67,"column":47}},"type":"cond-expr","locations":[{"start":{"line":67,"column":38},"end":{"line":67,"column":42}},{"start":{"line":67,"column":45},"end":{"line":67,"column":47}}],"line":67},"6":{"loc":{"start":{"line":71,"column":2},"end":{"line":71,"column":46}},"type":"if","locations":[{"start":{"line":71,"column":2},"end":{"line":71,"column":46}},{"start":{},"end":{}}],"line":71}},"s":{"0":0,"1":0,"2":0,"3":0,"4":0,"5":0,"6":0,"7":0,"8":0,"9":0,"10":0,"11":0,"12":0,"13":0,"14":0,"15":0,"16":0,"17":0,"18":0,"19":0,"20":0,"21":0,"22":0,"23":0,"24":0,"25":0,"26":0,"27":0},"f":{"0":0,"1":0,"2":0,"3":0,"4":0},"b":{"0":[0,0],"1":[0,0],"2":[0],"3":[0,0],"4":[0,0],"5":[0,0],"6":[0,0]}}
,"/Users/undevy/telegram-cms-project/utils/messageEditor.js": {"path":"/Users/undevy/telegram-cms-project/utils/messageEditor.js","statementMap":{"0":{"start":{"line":1,"column":27},"end":{"line":1,"column":46}},"1":{"start":{"line":2,"column":18},"end":{"line":2,"column":48}},"2":{"start":{"line":3,"column":35},"end":{"line":3,"column":61}},"3":{"start":{"line":10,"column":4},"end":{"line":10,"column":34}},"4":{"start":{"line":11,"column":4},"end":{"line":11,"column":24}},"5":{"start":{"line":22,"column":19},"end":{"line":22,"column":31}},"6":{"start":{"line":23,"column":22},"end":{"line":23,"column":55}},"7":{"start":{"line":25,"column":4},"end":{"line":79,"column":5}},"8":{"start":{"line":27,"column":29},"end":{"line":30,"column":7}},"9":{"start":{"line":32,"column":6},"end":{"line":34,"column":7}},"10":{"start":{"line":33,"column":8},"end":{"line":33,"column":56}},"11":{"start":{"line":37,"column":6},"end":{"line":58,"column":7}},"12":{"start":{"line":38,"column":8},"end":{"line":57,"column":9}},"13":{"start":{"line":39,"column":10},"end":{"line":42,"column":12}},"14":{"start":{"line":45,"column":10},"end":{"line":47,"column":11}},"15":{"start":{"line":46,"column":12},"end":{"line":46,"column":81}},"16":{"start":{"line":49,"column":10},"end":{"line":53,"column":12}},"17":{"start":{"line":55,"column":10},"end":{"line":55,"column":91}},"18":{"start":{"line":56,"column":10},"end":{"line":56,"column":98}},"19":{"start":{"line":61,"column":26},"end":{"line":64,"column":7}},"20":{"start":{"line":66,"column":6},"end":{"line":68,"column":7}},"21":{"start":{"line":67,"column":8},"end":{"line":67,"column":63}},"22":{"start":{"line":70,"column":6},"end":{"line":74,"column":8}},"23":{"start":{"line":77,"column":6},"end":{"line":77,"column":78}},"24":{"start":{"line":78,"column":6},"end":{"line":78,"column":65}},"25":{"start":{"line":90,"column":19},"end":{"line":90,"column":31}},"26":{"start":{"line":92,"column":4},"end":{"line":118,"column":5}},"27":{"start":{"line":93,"column":26},"end":{"line":93,"column":87}},"28":{"start":{"line":95,"column":29},"end":{"line":98,"column":7}},"29":{"start":{"line":100,"column":6},"end":{"line":102,"column":7}},"30":{"start":{"line":101,"column":8},"end":{"line":101,"column":55}},"31":{"start":{"line":104,"column":26},"end":{"line":104,"column":70}},"32":{"start":{"line":106,"column":6},"end":{"line":108,"column":7}},"33":{"start":{"line":107,"column":8},"end":{"line":107,"column":63}},"34":{"start":{"line":110,"column":6},"end":{"line":113,"column":8}},"35":{"start":{"line":116,"column":6},"end":{"line":116,"column":79}},"36":{"start":{"line":117,"column":6},"end":{"line":117,"column":54}},"37":{"start":{"line":130,"column":4},"end":{"line":153,"column":5}},"38":{"start":{"line":131,"column":25},"end":{"line":131,"column":54}},"39":{"start":{"line":133,"column":6},"end":{"line":136,"column":7}},"40":{"start":{"line":134,"column":28},"end":{"line":134,"column":63}},"41":{"start":{"line":135,"column":8},"end":{"line":135,"column":58}},"42":{"start":{"line":138,"column":6},"end":{"line":146,"column":8}},"43":{"start":{"line":148,"column":6},"end":{"line":148,"column":31}},"44":{"start":{"line":151,"column":6},"end":{"line":151,"column":81}},"45":{"start":{"line":152,"column":6},"end":{"line":152,"column":54}},"46":{"start":{"line":164,"column":19},"end":{"line":164,"column":31}},"47":{"start":{"line":166,"column":4},"end":{"line":197,"column":5}},"48":{"start":{"line":167,"column":22},"end":{"line":167,"column":52}},"49":{"start":{"line":168,"column":6},"end":{"line":168,"column":57}},"50":{"start":{"line":170,"column":6},"end":{"line":172,"column":7}},"51":{"start":{"line":171,"column":8},"end":{"line":171,"column":80}},"52":{"start":{"line":174,"column":29},"end":{"line":177,"column":7}},"53":{"start":{"line":179,"column":6},"end":{"line":181,"column":7}},"54":{"start":{"line":180,"column":8},"end":{"line":180,"column":55}},"55":{"start":{"line":183,"column":26},"end":{"line":183,"column":68}},"56":{"start":{"line":185,"column":6},"end":{"line":187,"column":7}},"57":{"start":{"line":186,"column":8},"end":{"line":186,"column":63}},"58":{"start":{"line":189,"column":6},"end":{"line":192,"column":8}},"59":{"start":{"line":195,"column":6},"end":{"line":195,"column":77}},"60":{"start":{"line":196,"column":6},"end":{"line":196,"column":54}},"61":{"start":{"line":208,"column":19},"end":{"line":208,"column":31}},"62":{"start":{"line":210,"column":4},"end":{"line":245,"column":5}},"63":{"start":{"line":211,"column":24},"end":{"line":211,"column":58}},"64":{"start":{"line":212,"column":6},"end":{"line":212,"column":61}},"65":{"start":{"line":214,"column":6},"end":{"line":216,"column":7}},"66":{"start":{"line":215,"column":8},"end":{"line":215,"column":78}},"67":{"start":{"line":218,"column":6},"end":{"line":220,"column":7}},"68":{"start":{"line":219,"column":8},"end":{"line":219,"column":79}},"69":{"start":{"line":222,"column":29},"end":{"line":225,"column":7}},"70":{"start":{"line":227,"column":6},"end":{"line":229,"column":7}},"71":{"start":{"line":228,"column":8},"end":{"line":228,"column":55}},"72":{"start":{"line":231,"column":26},"end":{"line":231,"column":70}},"73":{"start":{"line":233,"column":6},"end":{"line":235,"column":7}},"74":{"start":{"line":234,"column":8},"end":{"line":234,"column":63}},"75":{"start":{"line":237,"column":6},"end":{"line":240,"column":8}},"76":{"start":{"line":243,"column":6},"end":{"line":243,"column":79}},"77":{"start":{"line":244,"column":6},"end":{"line":244,"column":54}},"78":{"start":{"line":255,"column":20},"end":{"line":259,"column":5}},"79":{"start":{"line":261,"column":4},"end":{"line":269,"column":5}},"80":{"start":{"line":262,"column":6},"end":{"line":268,"column":7}},"81":{"start":{"line":263,"column":8},"end":{"line":263,"column":60}},"82":{"start":{"line":264,"column":8},"end":{"line":264,"column":26}},"83":{"start":{"line":266,"column":8},"end":{"line":266,"column":25}},"84":{"start":{"line":267,"column":8},"end":{"line":267,"column":65}},"85":{"start":{"line":271,"column":4},"end":{"line":271,"column":19}},"86":{"start":{"line":288,"column":4},"end":{"line":312,"column":5}},"87":{"start":{"line":289,"column":6},"end":{"line":291,"column":7}},"88":{"start":{"line":290,"column":8},"end":{"line":290,"column":40}},"89":{"start":{"line":293,"column":26},"end":{"line":296,"column":7}},"90":{"start":{"line":298,"column":6},"end":{"line":300,"column":7}},"91":{"start":{"line":299,"column":8},"end":{"line":299,"column":63}},"92":{"start":{"line":302,"column":6},"end":{"line":307,"column":8}},"93":{"start":{"line":310,"column":6},"end":{"line":310,"column":72}},"94":{"start":{"line":311,"column":6},"end":{"line":311,"column":73}},"95":{"start":{"line":324,"column":4},"end":{"line":348,"column":5}},"96":{"start":{"line":326,"column":27},"end":{"line":326,"column":111}},"97":{"start":{"line":328,"column":26},"end":{"line":328,"column":55}},"98":{"start":{"line":330,"column":6},"end":{"line":332,"column":7}},"99":{"start":{"line":331,"column":8},"end":{"line":331,"column":63}},"100":{"start":{"line":334,"column":6},"end":{"line":339,"column":8}},"101":{"start":{"line":342,"column":6},"end":{"line":342,"column":87}},"102":{"start":{"line":343,"column":6},"end":{"line":347,"column":8}},"103":{"start":{"line":359,"column":4},"end":{"line":362,"column":5}},"104":{"start":{"line":361,"column":6},"end":{"line":361,"column":18}},"105":{"start":{"line":363,"column":4},"end":{"line":363,"column":16}},"106":{"start":{"line":373,"column":22},"end":{"line":373,"column":24}},"107":{"start":{"line":374,"column":25},"end":{"line":374,"column":65}},"108":{"start":{"line":375,"column":24},"end":{"line":375,"column":48}},"109":{"start":{"line":377,"column":19},"end":{"line":377,"column":43}},"110":{"start":{"line":378,"column":18},"end":{"line":378,"column":41}},"111":{"start":{"line":380,"column":4},"end":{"line":380,"column":31}},"112":{"start":{"line":390,"column":4},"end":{"line":390,"column":46}},"113":{"start":{"line":399,"column":20},"end":{"line":399,"column":49}},"114":{"start":{"line":400,"column":4},"end":{"line":400,"column":47}},"115":{"start":{"line":409,"column":4},"end":{"line":409,"column":37}},"116":{"start":{"line":413,"column":0},"end":{"line":413,"column":31}}},"fnMap":{"0":{"name":"(anonymous_0)","decl":{"start":{"line":9,"column":2},"end":{"line":9,"column":3}},"loc":{"start":{"line":9,"column":16},"end":{"line":12,"column":3}},"line":9},"1":{"name":"(anonymous_1)","decl":{"start":{"line":21,"column":2},"end":{"line":21,"column":3}},"loc":{"start":{"line":21,"column":55},"end":{"line":80,"column":3}},"line":21},"2":{"name":"(anonymous_2)","decl":{"start":{"line":89,"column":2},"end":{"line":89,"column":3}},"loc":{"start":{"line":89,"column":55},"end":{"line":119,"column":3}},"line":89},"3":{"name":"(anonymous_3)","decl":{"start":{"line":129,"column":2},"end":{"line":129,"column":3}},"loc":{"start":{"line":129,"column":71},"end":{"line":154,"column":3}},"line":129},"4":{"name":"(anonymous_4)","decl":{"start":{"line":163,"column":2},"end":{"line":163,"column":3}},"loc":{"start":{"line":163,"column":58},"end":{"line":198,"column":3}},"line":163},"5":{"name":"(anonymous_5)","decl":{"start":{"line":207,"column":2},"end":{"line":207,"column":3}},"loc":{"start":{"line":207,"column":62},"end":{"line":246,"column":3}},"line":207},"6":{"name":"(anonymous_6)","decl":{"start":{"line":254,"column":2},"end":{"line":254,"column":3}},"loc":{"start":{"line":254,"column":41},"end":{"line":272,"column":3}},"line":254},"7":{"name":"(anonymous_7)","decl":{"start":{"line":286,"column":2},"end":{"line":286,"column":3}},"loc":{"start":{"line":286,"column":78},"end":{"line":313,"column":3}},"line":286},"8":{"name":"(anonymous_8)","decl":{"start":{"line":323,"column":2},"end":{"line":323,"column":3}},"loc":{"start":{"line":323,"column":49},"end":{"line":349,"column":3}},"line":323},"9":{"name":"(anonymous_9)","decl":{"start":{"line":358,"column":2},"end":{"line":358,"column":3}},"loc":{"start":{"line":358,"column":31},"end":{"line":364,"column":3}},"line":358},"10":{"name":"(anonymous_10)","decl":{"start":{"line":372,"column":2},"end":{"line":372,"column":3}},"loc":{"start":{"line":372,"column":33},"end":{"line":381,"column":3}},"line":372},"11":{"name":"(anonymous_11)","decl":{"start":{"line":389,"column":2},"end":{"line":389,"column":3}},"loc":{"start":{"line":389,"column":27},"end":{"line":391,"column":3}},"line":389},"12":{"name":"(anonymous_12)","decl":{"start":{"line":398,"column":2},"end":{"line":398,"column":3}},"loc":{"start":{"line":398,"column":33},"end":{"line":401,"column":3}},"line":398},"13":{"name":"(anonymous_13)","decl":{"start":{"line":408,"column":2},"end":{"line":408,"column":3}},"loc":{"start":{"line":408,"column":29},"end":{"line":410,"column":3}},"line":408}},"branchMap":{"0":{"loc":{"start":{"line":21,"column":41},"end":{"line":21,"column":53}},"type":"default-arg","locations":[{"start":{"line":21,"column":51},"end":{"line":21,"column":53}}],"line":21},"1":{"loc":{"start":{"line":23,"column":22},"end":{"line":23,"column":55}},"type":"binary-expr","locations":[{"start":{"line":23,"column":22},"end":{"line":23,"column":39}},{"start":{"line":23,"column":43},"end":{"line":23,"column":55}}],"line":23},"2":{"loc":{"start":{"line":32,"column":6},"end":{"line":34,"column":7}},"type":"if","locations":[{"start":{"line":32,"column":6},"end":{"line":34,"column":7}},{"start":{},"end":{}}],"line":32},"3":{"loc":{"start":{"line":37,"column":6},"end":{"line":58,"column":7}},"type":"if","locations":[{"start":{"line":37,"column":6},"end":{"line":58,"column":7}},{"start":{},"end":{}}],"line":37},"4":{"loc":{"start":{"line":45,"column":10},"end":{"line":47,"column":11}},"type":"if","locations":[{"start":{"line":45,"column":10},"end":{"line":47,"column":11}},{"start":{},"end":{}}],"line":45},"5":{"loc":{"start":{"line":66,"column":6},"end":{"line":68,"column":7}},"type":"if","locations":[{"start":{"line":66,"column":6},"end":{"line":68,"column":7}},{"start":{},"end":{}}],"line":66},"6":{"loc":{"start":{"line":89,"column":41},"end":{"line":89,"column":53}},"type":"default-arg","locations":[{"start":{"line":89,"column":51},"end":{"line":89,"column":53}}],"line":89},"7":{"loc":{"start":{"line":93,"column":56},"end":{"line":93,"column":85}},"type":"cond-expr","locations":[{"start":{"line":93,"column":75},"end":{"line":93,"column":80}},{"start":{"line":93,"column":83},"end":{"line":93,"column":85}}],"line":93},"8":{"loc":{"start":{"line":100,"column":6},"end":{"line":102,"column":7}},"type":"if","locations":[{"start":{"line":100,"column":6},"end":{"line":102,"column":7}},{"start":{},"end":{}}],"line":100},"9":{"loc":{"start":{"line":106,"column":6},"end":{"line":108,"column":7}},"type":"if","locations":[{"start":{"line":106,"column":6},"end":{"line":108,"column":7}},{"start":{},"end":{}}],"line":106},"10":{"loc":{"start":{"line":129,"column":54},"end":{"line":129,"column":69}},"type":"default-arg","locations":[{"start":{"line":129,"column":65},"end":{"line":129,"column":69}}],"line":129},"11":{"loc":{"start":{"line":133,"column":6},"end":{"line":136,"column":7}},"type":"if","locations":[{"start":{"line":133,"column":6},"end":{"line":136,"column":7}},{"start":{},"end":{}}],"line":133},"12":{"loc":{"start":{"line":163,"column":44},"end":{"line":163,"column":56}},"type":"default-arg","locations":[{"start":{"line":163,"column":54},"end":{"line":163,"column":56}}],"line":163},"13":{"loc":{"start":{"line":170,"column":6},"end":{"line":172,"column":7}},"type":"if","locations":[{"start":{"line":170,"column":6},"end":{"line":172,"column":7}},{"start":{},"end":{}}],"line":170},"14":{"loc":{"start":{"line":179,"column":6},"end":{"line":181,"column":7}},"type":"if","locations":[{"start":{"line":179,"column":6},"end":{"line":181,"column":7}},{"start":{},"end":{}}],"line":179},"15":{"loc":{"start":{"line":185,"column":6},"end":{"line":187,"column":7}},"type":"if","locations":[{"start":{"line":185,"column":6},"end":{"line":187,"column":7}},{"start":{},"end":{}}],"line":185},"16":{"loc":{"start":{"line":207,"column":48},"end":{"line":207,"column":60}},"type":"default-arg","locations":[{"start":{"line":207,"column":58},"end":{"line":207,"column":60}}],"line":207},"17":{"loc":{"start":{"line":214,"column":6},"end":{"line":216,"column":7}},"type":"if","locations":[{"start":{"line":214,"column":6},"end":{"line":216,"column":7}},{"start":{},"end":{}}],"line":214},"18":{"loc":{"start":{"line":218,"column":6},"end":{"line":220,"column":7}},"type":"if","locations":[{"start":{"line":218,"column":6},"end":{"line":220,"column":7}},{"start":{},"end":{}}],"line":218},"19":{"loc":{"start":{"line":227,"column":6},"end":{"line":229,"column":7}},"type":"if","locations":[{"start":{"line":227,"column":6},"end":{"line":229,"column":7}},{"start":{},"end":{}}],"line":227},"20":{"loc":{"start":{"line":233,"column":6},"end":{"line":235,"column":7}},"type":"if","locations":[{"start":{"line":233,"column":6},"end":{"line":235,"column":7}},{"start":{},"end":{}}],"line":233},"21":{"loc":{"start":{"line":289,"column":6},"end":{"line":291,"column":7}},"type":"if","locations":[{"start":{"line":289,"column":6},"end":{"line":291,"column":7}},{"start":{},"end":{}}],"line":289},"22":{"loc":{"start":{"line":298,"column":6},"end":{"line":300,"column":7}},"type":"if","locations":[{"start":{"line":298,"column":6},"end":{"line":300,"column":7}},{"start":{},"end":{}}],"line":298},"23":{"loc":{"start":{"line":330,"column":6},"end":{"line":332,"column":7}},"type":"if","locations":[{"start":{"line":330,"column":6},"end":{"line":332,"column":7}},{"start":{},"end":{}}],"line":330},"24":{"loc":{"start":{"line":359,"column":4},"end":{"line":362,"column":5}},"type":"if","locations":[{"start":{"line":359,"column":4},"end":{"line":362,"column":5}},{"start":{},"end":{}}],"line":359},"25":{"loc":{"start":{"line":390,"column":11},"end":{"line":390,"column":45}},"type":"binary-expr","locations":[{"start":{"line":390,"column":11},"end":{"line":390,"column":40}},{"start":{"line":390,"column":44},"end":{"line":390,"column":45}}],"line":390}},"s":{"0":0,"1":0,"2":0,"3":0,"4":0,"5":0,"6":0,"7":0,"8":0,"9":0,"10":0,"11":0,"12":0,"13":0,"14":0,"15":0,"16":0,"17":0,"18":0,"19":0,"20":0,"21":0,"22":0,"23":0,"24":0,"25":0,"26":0,"27":0,"28":0,"29":0,"30":0,"31":0,"32":0,"33":0,"34":0,"35":0,"36":0,"37":0,"38":0,"39":0,"40":0,"41":0,"42":0,"43":0,"44":0,"45":0,"46":0,"47":0,"48":0,"49":0,"50":0,"51":0,"52":0,"53":0,"54":0,"55":0,"56":0,"57":0,"58":0,"59":0,"60":0,"61":0,"62":0,"63":0,"64":0,"65":0,"66":0,"67":0,"68":0,"69":0,"70":0,"71":0,"72":0,"73":0,"74":0,"75":0,"76":0,"77":0,"78":0,"79":0,"80":0,"81":0,"82":0,"83":0,"84":0,"85":0,"86":0,"87":0,"88":0,"89":0,"90":0,"91":0,"92":0,"93":0,"94":0,"95":0,"96":0,"97":0,"98":0,"99":0,"100":0,"101":0,"102":0,"103":0,"104":0,"105":0,"106":0,"107":0,"108":0,"109":0,"110":0,"111":0,"112":0,"113":0,"114":0,"115":0,"116":0},"f":{"0":0,"1":0,"2":0,"3":0,"4":0,"5":0,"6":0,"7":0,"8":0,"9":0,"10":0,"11":0,"12":0,"13":0},"b":{"0":[0],"1":[0,0],"2":[0,0],"3":[0,0],"4":[0,0],"5":[0,0],"6":[0],"7":[0,0],"8":[0,0],"9":[0,0],"10":[0],"11":[0,0],"12":[0],"13":[0,0],"14":[0,0],"15":[0,0],"16":[0],"17":[0,0],"18":[0,0],"19":[0,0],"20":[0,0],"21":[0,0],"22":[0,0],"23":[0,0],"24":[0,0],"25":[0,0]}}
,"/Users/undevy/telegram-cms-project/utils/navigationManager.js": {"path":"/Users/undevy/telegram-cms-project/utils/navigationManager.js","statementMap":{"0":{"start":{"line":1,"column":27},"end":{"line":1,"column":44}},"1":{"start":{"line":2,"column":49},"end":{"line":2,"column":79}},"2":{"start":{"line":8,"column":4},"end":{"line":8,"column":30}},"3":{"start":{"line":9,"column":27},"end":{"line":9,"column":46}},"4":{"start":{"line":16,"column":4},"end":{"line":16,"column":44}},"5":{"start":{"line":17,"column":4},"end":{"line":22,"column":6}},"6":{"start":{"line":31,"column":20},"end":{"line":31,"column":48}},"7":{"start":{"line":32,"column":24},"end":{"line":32,"column":58}},"8":{"start":{"line":34,"column":21},"end":{"line":39,"column":90}},"9":{"start":{"line":41,"column":4},"end":{"line":45,"column":6}},"10":{"start":{"line":55,"column":21},"end":{"line":55,"column":62}},"11":{"start":{"line":56,"column":20},"end":{"line":56,"column":68}},"12":{"start":{"line":58,"column":4},"end":{"line":60,"column":5}},"13":{"start":{"line":59,"column":6},"end":{"line":59,"column":57}},"14":{"start":{"line":62,"column":20},"end":{"line":62,"column":48}},"15":{"start":{"line":63,"column":24},"end":{"line":63,"column":119}},"16":{"start":{"line":65,"column":21},"end":{"line":65,"column":70}},"17":{"start":{"line":66,"column":21},"end":{"line":66,"column":72}},"18":{"start":{"line":68,"column":4},"end":{"line":72,"column":6}},"19":{"start":{"line":84,"column":21},"end":{"line":84,"column":62}},"20":{"start":{"line":85,"column":20},"end":{"line":85,"column":68}},"21":{"start":{"line":86,"column":19},"end":{"line":86,"column":55}},"22":{"start":{"line":86,"column":37},"end":{"line":86,"column":54}},"23":{"start":{"line":88,"column":4},"end":{"line":90,"column":5}},"24":{"start":{"line":89,"column":6},"end":{"line":89,"column":67}},"25":{"start":{"line":92,"column":20},"end":{"line":92,"column":48}},"26":{"start":{"line":93,"column":24},"end":{"line":93,"column":176}},"27":{"start":{"line":95,"column":24},"end":{"line":95,"column":91}},"28":{"start":{"line":96,"column":21},"end":{"line":96,"column":93}},"29":{"start":{"line":98,"column":4},"end":{"line":102,"column":6}},"30":{"start":{"line":112,"column":21},"end":{"line":112,"column":41}},"31":{"start":{"line":114,"column":4},"end":{"line":116,"column":5}},"32":{"start":{"line":115,"column":6},"end":{"line":115,"column":99}},"33":{"start":{"line":118,"column":4},"end":{"line":121,"column":6}},"34":{"start":{"line":132,"column":20},"end":{"line":132,"column":48}},"35":{"start":{"line":133,"column":24},"end":{"line":133,"column":75}},"36":{"start":{"line":135,"column":22},"end":{"line":135,"column":87}},"37":{"start":{"line":137,"column":21},"end":{"line":137,"column":41}},"38":{"start":{"line":139,"column":4},"end":{"line":141,"column":5}},"39":{"start":{"line":140,"column":6},"end":{"line":140,"column":79}},"40":{"start":{"line":143,"column":4},"end":{"line":145,"column":5}},"41":{"start":{"line":144,"column":6},"end":{"line":144,"column":93}},"42":{"start":{"line":147,"column":4},"end":{"line":147,"column":96}},"43":{"start":{"line":149,"column":4},"end":{"line":152,"column":6}},"44":{"start":{"line":163,"column":20},"end":{"line":163,"column":48}},"45":{"start":{"line":164,"column":24},"end":{"line":164,"column":95}},"46":{"start":{"line":166,"column":21},"end":{"line":166,"column":41}},"47":{"start":{"line":169,"column":4},"end":{"line":174,"column":5}},"48":{"start":{"line":170,"column":6},"end":{"line":173,"column":7}},"49":{"start":{"line":171,"column":8},"end":{"line":171,"column":52}},"50":{"start":{"line":172,"column":8},"end":{"line":172,"column":42}},"51":{"start":{"line":172,"column":27},"end":{"line":172,"column":42}},"52":{"start":{"line":177,"column":24},"end":{"line":177,"column":75}},"53":{"start":{"line":178,"column":4},"end":{"line":180,"column":5}},"54":{"start":{"line":179,"column":6},"end":{"line":179,"column":93}},"55":{"start":{"line":181,"column":4},"end":{"line":181,"column":96}},"56":{"start":{"line":183,"column":4},"end":{"line":186,"column":6}},"57":{"start":{"line":197,"column":4},"end":{"line":197,"column":60}},"58":{"start":{"line":206,"column":4},"end":{"line":206,"column":32}},"59":{"start":{"line":215,"column":4},"end":{"line":215,"column":46}},"60":{"start":{"line":227,"column":17},"end":{"line":231,"column":6}},"61":{"start":{"line":233,"column":15},"end":{"line":233,"column":53}},"62":{"start":{"line":234,"column":4},"end":{"line":234,"column":63}},"63":{"start":{"line":235,"column":4},"end":{"line":235,"column":108}},"64":{"start":{"line":236,"column":4},"end":{"line":236,"column":92}},"65":{"start":{"line":237,"column":4},"end":{"line":237,"column":93}},"66":{"start":{"line":238,"column":4},"end":{"line":238,"column":82}},"67":{"start":{"line":239,"column":4},"end":{"line":239,"column":54}},"68":{"start":{"line":241,"column":4},"end":{"line":241,"column":16}},"69":{"start":{"line":252,"column":15},"end":{"line":252,"column":36}},"70":{"start":{"line":253,"column":4},"end":{"line":253,"column":38}},"71":{"start":{"line":254,"column":4},"end":{"line":254,"column":42}},"72":{"start":{"line":255,"column":4},"end":{"line":255,"column":49}},"73":{"start":{"line":256,"column":4},"end":{"line":256,"column":32}},"74":{"start":{"line":258,"column":4},"end":{"line":258,"column":16}},"75":{"start":{"line":269,"column":21},"end":{"line":269,"column":41}},"76":{"start":{"line":272,"column":4},"end":{"line":283,"column":5}},"77":{"start":{"line":272,"column":17},"end":{"line":272,"column":18}},"78":{"start":{"line":273,"column":25},"end":{"line":273,"column":84}},"79":{"start":{"line":275,"column":6},"end":{"line":280,"column":7}},"80":{"start":{"line":276,"column":8},"end":{"line":279,"column":10}},"81":{"start":{"line":282,"column":6},"end":{"line":282,"column":21}},"82":{"start":{"line":286,"column":4},"end":{"line":286,"column":104}},"83":{"start":{"line":288,"column":4},"end":{"line":288,"column":20}},"84":{"start":{"line":300,"column":21},"end":{"line":302,"column":88}},"85":{"start":{"line":304,"column":4},"end":{"line":304,"column":20}},"86":{"start":{"line":316,"column":15},"end":{"line":316,"column":63}},"87":{"start":{"line":317,"column":4},"end":{"line":317,"column":54}},"88":{"start":{"line":318,"column":4},"end":{"line":318,"column":40}},"89":{"start":{"line":320,"column":4},"end":{"line":322,"column":5}},"90":{"start":{"line":321,"column":6},"end":{"line":321,"column":60}},"91":{"start":{"line":324,"column":4},"end":{"line":324,"column":49}},"92":{"start":{"line":325,"column":4},"end":{"line":325,"column":49}},"93":{"start":{"line":327,"column":4},"end":{"line":327,"column":16}},"94":{"start":{"line":331,"column":0},"end":{"line":331,"column":35}}},"fnMap":{"0":{"name":"(anonymous_0)","decl":{"start":{"line":15,"column":2},"end":{"line":15,"column":3}},"loc":{"start":{"line":15,"column":16},"end":{"line":23,"column":3}},"line":15},"1":{"name":"(anonymous_1)","decl":{"start":{"line":30,"column":2},"end":{"line":30,"column":3}},"loc":{"start":{"line":30,"column":22},"end":{"line":46,"column":3}},"line":30},"2":{"name":"(anonymous_2)","decl":{"start":{"line":54,"column":2},"end":{"line":54,"column":3}},"loc":{"start":{"line":54,"column":38},"end":{"line":73,"column":3}},"line":54},"3":{"name":"(anonymous_3)","decl":{"start":{"line":83,"column":2},"end":{"line":83,"column":3}},"loc":{"start":{"line":83,"column":79},"end":{"line":103,"column":3}},"line":83},"4":{"name":"(anonymous_4)","decl":{"start":{"line":86,"column":32},"end":{"line":86,"column":33}},"loc":{"start":{"line":86,"column":37},"end":{"line":86,"column":54}},"line":86},"5":{"name":"(anonymous_5)","decl":{"start":{"line":111,"column":2},"end":{"line":111,"column":3}},"loc":{"start":{"line":111,"column":45},"end":{"line":122,"column":3}},"line":111},"6":{"name":"(anonymous_6)","decl":{"start":{"line":131,"column":2},"end":{"line":131,"column":3}},"loc":{"start":{"line":131,"column":51},"end":{"line":153,"column":3}},"line":131},"7":{"name":"(anonymous_7)","decl":{"start":{"line":162,"column":2},"end":{"line":162,"column":3}},"loc":{"start":{"line":162,"column":55},"end":{"line":187,"column":3}},"line":162},"8":{"name":"(anonymous_8)","decl":{"start":{"line":196,"column":2},"end":{"line":196,"column":3}},"loc":{"start":{"line":196,"column":72},"end":{"line":198,"column":3}},"line":196},"9":{"name":"(anonymous_9)","decl":{"start":{"line":205,"column":2},"end":{"line":205,"column":3}},"loc":{"start":{"line":205,"column":31},"end":{"line":207,"column":3}},"line":205},"10":{"name":"(anonymous_10)","decl":{"start":{"line":214,"column":2},"end":{"line":214,"column":3}},"loc":{"start":{"line":214,"column":34},"end":{"line":216,"column":3}},"line":214},"11":{"name":"(anonymous_11)","decl":{"start":{"line":226,"column":2},"end":{"line":226,"column":3}},"loc":{"start":{"line":226,"column":32},"end":{"line":242,"column":3}},"line":226},"12":{"name":"(anonymous_12)","decl":{"start":{"line":251,"column":2},"end":{"line":251,"column":3}},"loc":{"start":{"line":251,"column":47},"end":{"line":259,"column":3}},"line":251},"13":{"name":"(anonymous_13)","decl":{"start":{"line":268,"column":2},"end":{"line":268,"column":3}},"loc":{"start":{"line":268,"column":49},"end":{"line":289,"column":3}},"line":268},"14":{"name":"(anonymous_14)","decl":{"start":{"line":299,"column":2},"end":{"line":299,"column":3}},"loc":{"start":{"line":299,"column":70},"end":{"line":305,"column":3}},"line":299},"15":{"name":"(anonymous_15)","decl":{"start":{"line":315,"column":2},"end":{"line":315,"column":3}},"loc":{"start":{"line":315,"column":65},"end":{"line":328,"column":3}},"line":315}},"branchMap":{"0":{"loc":{"start":{"line":58,"column":4},"end":{"line":60,"column":5}},"type":"if","locations":[{"start":{"line":58,"column":4},"end":{"line":60,"column":5}},{"start":{},"end":{}}],"line":58},"1":{"loc":{"start":{"line":58,"column":8},"end":{"line":58,"column":29}},"type":"binary-expr","locations":[{"start":{"line":58,"column":8},"end":{"line":58,"column":17}},{"start":{"line":58,"column":21},"end":{"line":58,"column":29}}],"line":58},"2":{"loc":{"start":{"line":63,"column":24},"end":{"line":63,"column":119}},"type":"cond-expr","locations":[{"start":{"line":63,"column":47},"end":{"line":63,"column":105}},{"start":{"line":63,"column":108},"end":{"line":63,"column":119}}],"line":63},"3":{"loc":{"start":{"line":83,"column":58},"end":{"line":83,"column":77}},"type":"default-arg","locations":[{"start":{"line":83,"column":75},"end":{"line":83,"column":77}}],"line":83},"4":{"loc":{"start":{"line":88,"column":4},"end":{"line":90,"column":5}},"type":"if","locations":[{"start":{"line":88,"column":4},"end":{"line":90,"column":5}},{"start":{},"end":{}}],"line":88},"5":{"loc":{"start":{"line":88,"column":8},"end":{"line":88,"column":28}},"type":"binary-expr","locations":[{"start":{"line":88,"column":8},"end":{"line":88,"column":17}},{"start":{"line":88,"column":21},"end":{"line":88,"column":28}}],"line":88},"6":{"loc":{"start":{"line":93,"column":24},"end":{"line":93,"column":176}},"type":"cond-expr","locations":[{"start":{"line":93,"column":47},"end":{"line":93,"column":124}},{"start":{"line":93,"column":127},"end":{"line":93,"column":176}}],"line":93},"7":{"loc":{"start":{"line":111,"column":26},"end":{"line":111,"column":43}},"type":"default-arg","locations":[{"start":{"line":111,"column":39},"end":{"line":111,"column":43}}],"line":111},"8":{"loc":{"start":{"line":114,"column":4},"end":{"line":116,"column":5}},"type":"if","locations":[{"start":{"line":114,"column":4},"end":{"line":116,"column":5}},{"start":{},"end":{}}],"line":114},"9":{"loc":{"start":{"line":120,"column":16},"end":{"line":120,"column":44}},"type":"cond-expr","locations":[{"start":{"line":120,"column":29},"end":{"line":120,"column":37}},{"start":{"line":120,"column":40},"end":{"line":120,"column":44}}],"line":120},"10":{"loc":{"start":{"line":131,"column":37},"end":{"line":131,"column":49}},"type":"default-arg","locations":[{"start":{"line":131,"column":47},"end":{"line":131,"column":49}}],"line":131},"11":{"loc":{"start":{"line":133,"column":24},"end":{"line":133,"column":75}},"type":"binary-expr","locations":[{"start":{"line":133,"column":24},"end":{"line":133,"column":44}},{"start":{"line":133,"column":48},"end":{"line":133,"column":75}}],"line":133},"12":{"loc":{"start":{"line":139,"column":4},"end":{"line":141,"column":5}},"type":"if","locations":[{"start":{"line":139,"column":4},"end":{"line":141,"column":5}},{"start":{},"end":{}}],"line":139},"13":{"loc":{"start":{"line":143,"column":4},"end":{"line":145,"column":5}},"type":"if","locations":[{"start":{"line":143,"column":4},"end":{"line":145,"column":5}},{"start":{},"end":{}}],"line":143},"14":{"loc":{"start":{"line":162,"column":41},"end":{"line":162,"column":53}},"type":"default-arg","locations":[{"start":{"line":162,"column":51},"end":{"line":162,"column":53}}],"line":162},"15":{"loc":{"start":{"line":169,"column":4},"end":{"line":174,"column":5}},"type":"if","locations":[{"start":{"line":169,"column":4},"end":{"line":174,"column":5}},{"start":{},"end":{}}],"line":169},"16":{"loc":{"start":{"line":172,"column":8},"end":{"line":172,"column":42}},"type":"if","locations":[{"start":{"line":172,"column":8},"end":{"line":172,"column":42}},{"start":{},"end":{}}],"line":172},"17":{"loc":{"start":{"line":177,"column":24},"end":{"line":177,"column":75}},"type":"binary-expr","locations":[{"start":{"line":177,"column":24},"end":{"line":177,"column":44}},{"start":{"line":177,"column":48},"end":{"line":177,"column":75}}],"line":177},"18":{"loc":{"start":{"line":178,"column":4},"end":{"line":180,"column":5}},"type":"if","locations":[{"start":{"line":178,"column":4},"end":{"line":180,"column":5}},{"start":{},"end":{}}],"line":178},"19":{"loc":{"start":{"line":196,"column":54},"end":{"line":196,"column":70}},"type":"default-arg","locations":[{"start":{"line":196,"column":66},"end":{"line":196,"column":70}}],"line":196},"20":{"loc":{"start":{"line":320,"column":4},"end":{"line":322,"column":5}},"type":"if","locations":[{"start":{"line":320,"column":4},"end":{"line":322,"column":5}},{"start":{},"end":{}}],"line":320}},"s":{"0":0,"1":0,"2":0,"3":0,"4":0,"5":0,"6":0,"7":0,"8":0,"9":0,"10":0,"11":0,"12":0,"13":0,"14":0,"15":0,"16":0,"17":0,"18":0,"19":0,"20":0,"21":0,"22":0,"23":0,"24":0,"25":0,"26":0,"27":0,"28":0,"29":0,"30":0,"31":0,"32":0,"33":0,"34":0,"35":0,"36":0,"37":0,"38":0,"39":0,"40":0,"41":0,"42":0,"43":0,"44":0,"45":0,"46":0,"47":0,"48":0,"49":0,"50":0,"51":0,"52":0,"53":0,"54":0,"55":0,"56":0,"57":0,"58":0,"59":0,"60":0,"61":0,"62":0,"63":0,"64":0,"65":0,"66":0,"67":0,"68":0,"69":0,"70":0,"71":0,"72":0,"73":0,"74":0,"75":0,"76":0,"77":0,"78":0,"79":0,"80":0,"81":0,"82":0,"83":0,"84":0,"85":0,"86":0,"87":0,"88":0,"89":0,"90":0,"91":0,"92":0,"93":0,"94":0},"f":{"0":0,"1":0,"2":0,"3":0,"4":0,"5":0,"6":0,"7":0,"8":0,"9":0,"10":0,"11":0,"12":0,"13":0,"14":0,"15":0},"b":{"0":[0,0],"1":[0,0],"2":[0,0],"3":[0],"4":[0,0],"5":[0,0],"6":[0,0],"7":[0],"8":[0,0],"9":[0,0],"10":[0],"11":[0,0],"12":[0,0],"13":[0,0],"14":[0],"15":[0,0],"16":[0,0],"17":[0,0],"18":[0,0],"19":[0],"20":[0,0]}}
,"/Users/undevy/telegram-cms-project/utils/validators.js": {"path":"/Users/undevy/telegram-cms-project/utils/validators.js","statementMap":{"0":{"start":{"line":7,"column":2},"end":{"line":7,"column":33}},"1":{"start":{"line":17,"column":18},"end":{"line":17,"column":62}},"2":{"start":{"line":17,"column":49},"end":{"line":17,"column":61}},"3":{"start":{"line":18,"column":2},"end":{"line":21,"column":4}},"4":{"start":{"line":31,"column":2},"end":{"line":31,"column":24}},"5":{"start":{"line":31,"column":14},"end":{"line":31,"column":24}},"6":{"start":{"line":33,"column":2},"end":{"line":36,"column":37}},"7":{"start":{"line":35,"column":17},"end":{"line":35,"column":28}},"8":{"start":{"line":36,"column":20},"end":{"line":36,"column":35}},"9":{"start":{"line":46,"column":2},"end":{"line":46,"column":57}},"10":{"start":{"line":56,"column":19},"end":{"line":56,"column":21}},"11":{"start":{"line":58,"column":2},"end":{"line":62,"column":3}},"12":{"start":{"line":59,"column":4},"end":{"line":61,"column":5}},"13":{"start":{"line":60,"column":6},"end":{"line":60,"column":31}},"14":{"start":{"line":64,"column":2},"end":{"line":64,"column":18}},"15":{"start":{"line":67,"column":0},"end":{"line":73,"column":2}}},"fnMap":{"0":{"name":"isValidCaseId","decl":{"start":{"line":6,"column":9},"end":{"line":6,"column":22}},"loc":{"start":{"line":6,"column":27},"end":{"line":8,"column":1}},"line":6},"1":{"name":"validateRequiredFields","decl":{"start":{"line":16,"column":9},"end":{"line":16,"column":31}},"loc":{"start":{"line":16,"column":54},"end":{"line":22,"column":1}},"line":16},"2":{"name":"(anonymous_2)","decl":{"start":{"line":17,"column":40},"end":{"line":17,"column":41}},"loc":{"start":{"line":17,"column":49},"end":{"line":17,"column":61}},"line":17},"3":{"name":"parseArrayInput","decl":{"start":{"line":30,"column":9},"end":{"line":30,"column":24}},"loc":{"start":{"line":30,"column":49},"end":{"line":37,"column":1}},"line":30},"4":{"name":"(anonymous_4)","decl":{"start":{"line":35,"column":9},"end":{"line":35,"column":10}},"loc":{"start":{"line":35,"column":17},"end":{"line":35,"column":28}},"line":35},"5":{"name":"(anonymous_5)","decl":{"start":{"line":36,"column":12},"end":{"line":36,"column":13}},"loc":{"start":{"line":36,"column":20},"end":{"line":36,"column":35}},"line":36},"6":{"name":"caseExists","decl":{"start":{"line":45,"column":9},"end":{"line":45,"column":19}},"loc":{"start":{"line":45,"column":37},"end":{"line":47,"column":1}},"line":45},"7":{"name":"findProfilesUsingCase","decl":{"start":{"line":55,"column":9},"end":{"line":55,"column":30}},"loc":{"start":{"line":55,"column":48},"end":{"line":65,"column":1}},"line":55}},"branchMap":{"0":{"loc":{"start":{"line":30,"column":32},"end":{"line":30,"column":47}},"type":"default-arg","locations":[{"start":{"line":30,"column":44},"end":{"line":30,"column":47}}],"line":30},"1":{"loc":{"start":{"line":31,"column":2},"end":{"line":31,"column":24}},"type":"if","locations":[{"start":{"line":31,"column":2},"end":{"line":31,"column":24}},{"start":{},"end":{}}],"line":31},"2":{"loc":{"start":{"line":59,"column":4},"end":{"line":61,"column":5}},"type":"if","locations":[{"start":{"line":59,"column":4},"end":{"line":61,"column":5}},{"start":{},"end":{}}],"line":59},"3":{"loc":{"start":{"line":59,"column":8},"end":{"line":59,"column":76}},"type":"binary-expr","locations":[{"start":{"line":59,"column":8},"end":{"line":59,"column":35}},{"start":{"line":59,"column":39},"end":{"line":59,"column":76}}],"line":59}},"s":{"0":7,"1":2,"2":6,"3":2,"4":5,"5":2,"6":3,"7":9,"8":9,"9":3,"10":2,"11":2,"12":5,"13":2,"14":2,"15":1},"f":{"0":7,"1":2,"2":6,"3":5,"4":9,"5":9,"6":3,"7":2},"b":{"0":[4],"1":[2,3],"2":[2,3],"3":[5,3]},"_coverageSchema":"1a1c01bbd47fc00a2c39e90264f33305004495a9","hash":"573f8826d69c7edc20771e8f84ad43cd5187dd47"}
}
