TN:
SF:config/constants.js
FN:150,(anonymous_0)
FN:159,(anonymous_1)
FN:173,(anonymous_2)
FN:175,(anonymous_3)
FN:183,(anonymous_4)
FN:198,(anonymous_5)
FNF:6
FNH:5
FNDA:1,(anonymous_0)
FNDA:1,(anonymous_1)
FNDA:2,(anonymous_2)
FNDA:5,(anonymous_3)
FNDA:2,(anonymous_4)
FNDA:0,(anonymous_5)
DA:1,2
DA:143,2
DA:151,1
DA:160,1
DA:161,1
DA:174,2
DA:175,5
DA:184,2
DA:190,2
DA:199,0
DA:203,2
LF:11
LH:10
BRDA:8,0,0,2
BRDA:8,0,1,0
BRDA:175,1,0,2
BRDA:175,1,1,1
BRDA:190,2,0,2
BRDA:190,2,1,1
BRF:6
BRH:5
end_of_record
TN:
SF:utils/analyticsNavigationEnhancer.js
FN:10,(anonymous_0)
FN:21,(anonymous_1)
FN:70,(anonymous_2)
FN:136,(anonymous_3)
FN:203,(anonymous_4)
FN:255,(anonymous_5)
FN:277,(anonymous_6)
FN:305,(anonymous_7)
FN:353,(anonymous_8)
FN:357,(anonymous_9)
FN:388,(anonymous_10)
FN:408,(anonymous_11)
FNF:12
FNH:0
FNDA:0,(anonymous_0)
FNDA:0,(anonymous_1)
FNDA:0,(anonymous_2)
FNDA:0,(anonymous_3)
FNDA:0,(anonymous_4)
FNDA:0,(anonymous_5)
FNDA:0,(anonymous_6)
FNDA:0,(anonymous_7)
FNDA:0,(anonymous_8)
FNDA:0,(anonymous_9)
FNDA:0,(anonymous_10)
FNDA:0,(anonymous_11)
DA:1,0
DA:2,0
DA:3,0
DA:4,0
DA:11,0
DA:12,0
DA:22,0
DA:24,0
DA:25,0
DA:26,0
DA:28,0
DA:57,0
DA:60,0
DA:61,0
DA:71,0
DA:73,0
DA:74,0
DA:93,0
DA:97,0
DA:98,0
DA:100,0
DA:113,0
DA:114,0
DA:121,0
DA:127,0
DA:137,0
DA:138,0
DA:140,0
DA:142,0
DA:143,0
DA:148,0
DA:151,0
DA:152,0
DA:153,0
DA:154,0
DA:155,0
DA:157,0
DA:158,0
DA:161,0
DA:162,0
DA:166,0
DA:195,0
DA:204,0
DA:206,0
DA:208,0
DA:209,0
DA:210,0
DA:211,0
DA:212,0
DA:213,0
DA:214,0
DA:215,0
DA:216,0
DA:218,0
DA:219,0
DA:220,0
DA:223,0
DA:247,0
DA:256,0
DA:265,0
DA:267,0
DA:268,0
DA:278,0
DA:280,0
DA:281,0
DA:282,0
DA:285,0
DA:293,0
DA:306,0
DA:312,0
DA:313,0
DA:316,0
DA:317,0
DA:318,0
DA:319,0
DA:320,0
DA:322,0
DA:323,0
DA:326,0
DA:330,0
DA:331,0
DA:332,0
DA:333,0
DA:334,0
DA:335,0
DA:338,0
DA:341,0
DA:342,0
DA:344,0
DA:354,0
DA:355,0
DA:357,0
DA:358,0
DA:359,0
DA:361,0
DA:363,0
DA:364,0
DA:366,0
DA:369,0
DA:370,0
DA:371,0
DA:372,0
DA:374,0
DA:375,0
DA:379,0
DA:389,0
DA:390,0
DA:392,0
DA:393,0
DA:395,0
DA:396,0
DA:398,0
DA:409,0
DA:410,0
DA:411,0
DA:413,0
DA:414,0
DA:416,0
DA:417,0
DA:419,0
DA:420,0
DA:424,0
LF:122
LH:0
BRDA:21,0,0,0
BRDA:21,1,0,0
BRDA:25,2,0,0
BRDA:25,2,1,0
BRDA:49,3,0,0
BRDA:49,3,1,0
BRDA:50,4,0,0
BRDA:50,4,1,0
BRDA:70,5,0,0
BRDA:73,6,0,0
BRDA:73,6,1,0
BRDA:73,7,0,0
BRDA:73,7,1,0
BRDA:113,8,0,0
BRDA:113,8,1,0
BRDA:136,9,0,0
BRDA:138,10,0,0
BRDA:138,10,1,0
BRDA:142,11,0,0
BRDA:142,11,1,0
BRDA:151,12,0,0
BRDA:151,12,1,0
BRDA:152,13,0,0
BRDA:152,13,1,0
BRDA:157,14,0,0
BRDA:157,14,1,0
BRDA:161,15,0,0
BRDA:161,15,1,0
BRDA:172,16,0,0
BRDA:172,16,1,0
BRDA:173,17,0,0
BRDA:173,17,1,0
BRDA:208,18,0,0
BRDA:208,18,1,0
BRDA:208,19,0,0
BRDA:208,19,1,0
BRDA:211,20,0,0
BRDA:211,20,1,0
BRDA:213,21,0,0
BRDA:213,21,1,0
BRDA:265,22,0,0
BRDA:265,22,1,0
BRDA:277,23,0,0
BRDA:281,24,0,0
BRDA:281,24,1,0
BRDA:305,25,0,0
BRDA:316,26,0,0
BRDA:316,26,1,0
BRDA:318,27,0,0
BRDA:318,27,1,0
BRDA:322,28,0,0
BRDA:322,28,1,0
BRDA:331,29,0,0
BRDA:331,29,1,0
BRDA:331,30,0,0
BRDA:331,30,1,0
BRDA:334,31,0,0
BRDA:334,31,1,0
BRDA:363,32,0,0
BRDA:363,32,1,0
BRDA:374,33,0,0
BRDA:374,33,1,0
BRDA:395,34,0,0
BRDA:395,34,1,0
BRDA:413,35,0,0
BRDA:413,35,1,0
BRDA:414,36,0,0
BRDA:414,36,1,0
BRDA:417,37,0,0
BRDA:417,37,1,0
BRF:70
BRH:0
end_of_record
TN:
SF:utils/contentNavigationEnhancer.js
FN:9,(anonymous_0)
FN:19,(anonymous_1)
FN:56,(anonymous_2)
FN:98,(anonymous_3)
FN:171,(anonymous_4)
FN:195,(anonymous_5)
FN:219,(anonymous_6)
FN:257,(anonymous_7)
FN:294,(anonymous_8)
FNF:9
FNH:0
FNDA:0,(anonymous_0)
FNDA:0,(anonymous_1)
FNDA:0,(anonymous_2)
FNDA:0,(anonymous_3)
FNDA:0,(anonymous_4)
FNDA:0,(anonymous_5)
FNDA:0,(anonymous_6)
FNDA:0,(anonymous_7)
FNDA:0,(anonymous_8)
DA:1,0
DA:2,0
DA:3,0
DA:10,0
DA:11,0
DA:20,0
DA:23,0
DA:25,0
DA:44,0
DA:57,0
DA:59,0
DA:61,0
DA:85,0
DA:99,0
DA:101,0
DA:108,0
DA:110,0
DA:111,0
DA:114,0
DA:115,0
DA:118,0
DA:121,0
DA:122,0
DA:127,0
DA:134,0
DA:135,0
DA:143,0
DA:149,0
DA:155,0
DA:161,0
DA:172,0
DA:174,0
DA:176,0
DA:177,0
DA:178,0
DA:181,0
DA:187,0
DA:196,0
DA:205,0
DA:207,0
DA:208,0
DA:220,0
DA:221,0
DA:223,0
DA:224,0
DA:225,0
DA:227,0
DA:235,0
DA:236,0
DA:243,0
DA:249,0
DA:258,0
DA:260,0
DA:262,0
DA:281,0
DA:295,0
DA:297,0
DA:298,0
DA:299,0
DA:300,0
DA:302,0
DA:303,0
DA:306,0
DA:313,0
DA:317,0
LF:65
LH:0
BRDA:98,0,0,0
BRDA:98,1,0,0
BRDA:108,2,0,0
BRDA:108,2,1,0
BRDA:110,3,0,0
BRDA:110,3,1,0
BRDA:114,4,0,0
BRDA:114,4,1,0
BRDA:121,5,0,0
BRDA:121,5,1,0
BRDA:121,6,0,0
BRDA:121,6,1,0
BRDA:134,7,0,0
BRDA:134,7,1,0
BRDA:134,8,0,0
BRDA:134,8,1,0
BRDA:171,9,0,0
BRDA:177,10,0,0
BRDA:177,10,1,0
BRDA:205,11,0,0
BRDA:205,11,1,0
BRDA:223,12,0,0
BRDA:223,12,1,0
BRDA:229,13,0,0
BRDA:229,13,1,0
BRDA:235,14,0,0
BRDA:235,14,1,0
BRDA:294,15,0,0
BRDA:299,16,0,0
BRDA:299,16,1,0
BRDA:300,17,0,0
BRDA:300,17,1,0
BRDA:302,18,0,0
BRDA:302,18,1,0
BRF:34
BRH:0
end_of_record
TN:
SF:utils/format.js
FN:8,escapeMarkdown
FN:20,formatDate
FN:35,truncateText
FN:44,formatFileSize
FN:55,formatUptime
FNF:5
FNH:5
FNDA:4,escapeMarkdown
FNDA:2,formatDate
FNDA:4,truncateText
FNDA:3,formatFileSize
FNDA:3,formatUptime
DA:1,1
DA:9,4
DA:10,2
DA:12,2
DA:21,2
DA:36,4
DA:37,1
DA:45,3
DA:46,2
DA:47,1
DA:56,3
DA:57,3
DA:58,3
DA:59,3
DA:61,3
DA:62,3
DA:63,3
DA:64,3
DA:65,3
DA:67,3
DA:70,1
LF:21
LH:21
BRDA:9,0,0,2
BRDA:9,0,1,2
BRDA:9,1,0,4
BRDA:9,1,1,3
BRDA:35,2,0,0
BRDA:36,3,0,3
BRDA:36,3,1,1
BRDA:36,4,0,4
BRDA:36,4,1,2
BRDA:45,5,0,1
BRDA:45,5,1,2
BRDA:46,6,0,1
BRDA:46,6,1,1
BRDA:62,7,0,1
BRDA:62,7,1,2
BRDA:63,8,0,2
BRDA:63,8,1,1
BRDA:64,9,0,2
BRDA:64,9,1,1
BRDA:65,10,0,3
BRDA:65,10,1,0
BRDA:65,11,0,3
BRDA:65,11,1,1
BRF:23
BRH:21
end_of_record
TN:
SF:utils/helpers.js
FN:9,getBackupFiles
FN:13,(anonymous_1)
FN:27,parseBackupName
FN:40,getTimestamp
FN:54,splitMessage
FNF:5
FNH:0
FNDA:0,getBackupFiles
FNDA:0,(anonymous_1)
FNDA:0,parseBackupName
FNDA:0,getTimestamp
FNDA:0,splitMessage
DA:1,0
DA:2,0
DA:3,0
DA:10,0
DA:11,0
DA:12,0
DA:13,0
DA:17,0
DA:18,0
DA:28,0
DA:29,0
DA:33,0
DA:41,0
DA:55,0
DA:57,0
DA:58,0
DA:60,0
DA:62,0
DA:63,0
DA:64,0
DA:65,0
DA:67,0
DA:71,0
DA:73,0
DA:76,0
LF:25
LH:0
BRDA:13,0,0,0
BRDA:13,0,1,0
BRDA:17,1,0,0
BRDA:17,1,1,0
BRDA:54,2,0,0
BRDA:55,3,0,0
BRDA:55,3,1,0
BRDA:63,4,0,0
BRDA:63,4,1,0
BRDA:67,5,0,0
BRDA:67,5,1,0
BRDA:71,6,0,0
BRDA:71,6,1,0
BRF:13
BRH:0
end_of_record
TN:
SF:utils/messageEditor.js
FN:9,(anonymous_0)
FN:21,(anonymous_1)
FN:89,(anonymous_2)
FN:129,(anonymous_3)
FN:163,(anonymous_4)
FN:207,(anonymous_5)
FN:254,(anonymous_6)
FN:286,(anonymous_7)
FN:323,(anonymous_8)
FN:358,(anonymous_9)
FN:372,(anonymous_10)
FN:389,(anonymous_11)
FN:398,(anonymous_12)
FN:408,(anonymous_13)
FNF:14
FNH:0
FNDA:0,(anonymous_0)
FNDA:0,(anonymous_1)
FNDA:0,(anonymous_2)
FNDA:0,(anonymous_3)
FNDA:0,(anonymous_4)
FNDA:0,(anonymous_5)
FNDA:0,(anonymous_6)
FNDA:0,(anonymous_7)
FNDA:0,(anonymous_8)
FNDA:0,(anonymous_9)
FNDA:0,(anonymous_10)
FNDA:0,(anonymous_11)
FNDA:0,(anonymous_12)
FNDA:0,(anonymous_13)
DA:1,0
DA:2,0
DA:3,0
DA:10,0
DA:11,0
DA:22,0
DA:23,0
DA:25,0
DA:27,0
DA:32,0
DA:33,0
DA:37,0
DA:38,0
DA:39,0
DA:45,0
DA:46,0
DA:49,0
DA:55,0
DA:56,0
DA:61,0
DA:66,0
DA:67,0
DA:70,0
DA:77,0
DA:78,0
DA:90,0
DA:92,0
DA:93,0
DA:95,0
DA:100,0
DA:101,0
DA:104,0
DA:106,0
DA:107,0
DA:110,0
DA:116,0
DA:117,0
DA:130,0
DA:131,0
DA:133,0
DA:134,0
DA:135,0
DA:138,0
DA:148,0
DA:151,0
DA:152,0
DA:164,0
DA:166,0
DA:167,0
DA:168,0
DA:170,0
DA:171,0
DA:174,0
DA:179,0
DA:180,0
DA:183,0
DA:185,0
DA:186,0
DA:189,0
DA:195,0
DA:196,0
DA:208,0
DA:210,0
DA:211,0
DA:212,0
DA:214,0
DA:215,0
DA:218,0
DA:219,0
DA:222,0
DA:227,0
DA:228,0
DA:231,0
DA:233,0
DA:234,0
DA:237,0
DA:243,0
DA:244,0
DA:255,0
DA:261,0
DA:262,0
DA:263,0
DA:264,0
DA:266,0
DA:267,0
DA:271,0
DA:288,0
DA:289,0
DA:290,0
DA:293,0
DA:298,0
DA:299,0
DA:302,0
DA:310,0
DA:311,0
DA:324,0
DA:326,0
DA:328,0
DA:330,0
DA:331,0
DA:334,0
DA:342,0
DA:343,0
DA:359,0
DA:361,0
DA:363,0
DA:373,0
DA:374,0
DA:375,0
DA:377,0
DA:378,0
DA:380,0
DA:390,0
DA:399,0
DA:400,0
DA:409,0
DA:413,0
LF:117
LH:0
BRDA:21,0,0,0
BRDA:23,1,0,0
BRDA:23,1,1,0
BRDA:32,2,0,0
BRDA:32,2,1,0
BRDA:37,3,0,0
BRDA:37,3,1,0
BRDA:45,4,0,0
BRDA:45,4,1,0
BRDA:66,5,0,0
BRDA:66,5,1,0
BRDA:89,6,0,0
BRDA:93,7,0,0
BRDA:93,7,1,0
BRDA:100,8,0,0
BRDA:100,8,1,0
BRDA:106,9,0,0
BRDA:106,9,1,0
BRDA:129,10,0,0
BRDA:133,11,0,0
BRDA:133,11,1,0
BRDA:163,12,0,0
BRDA:170,13,0,0
BRDA:170,13,1,0
BRDA:179,14,0,0
BRDA:179,14,1,0
BRDA:185,15,0,0
BRDA:185,15,1,0
BRDA:207,16,0,0
BRDA:214,17,0,0
BRDA:214,17,1,0
BRDA:218,18,0,0
BRDA:218,18,1,0
BRDA:227,19,0,0
BRDA:227,19,1,0
BRDA:233,20,0,0
BRDA:233,20,1,0
BRDA:289,21,0,0
BRDA:289,21,1,0
BRDA:298,22,0,0
BRDA:298,22,1,0
BRDA:330,23,0,0
BRDA:330,23,1,0
BRDA:359,24,0,0
BRDA:359,24,1,0
BRDA:390,25,0,0
BRDA:390,25,1,0
BRF:47
BRH:0
end_of_record
TN:
SF:utils/navigationManager.js
FN:15,(anonymous_0)
FN:30,(anonymous_1)
FN:54,(anonymous_2)
FN:83,(anonymous_3)
FN:86,(anonymous_4)
FN:111,(anonymous_5)
FN:131,(anonymous_6)
FN:162,(anonymous_7)
FN:196,(anonymous_8)
FN:205,(anonymous_9)
FN:214,(anonymous_10)
FN:226,(anonymous_11)
FN:251,(anonymous_12)
FN:268,(anonymous_13)
FN:299,(anonymous_14)
FN:315,(anonymous_15)
FNF:16
FNH:0
FNDA:0,(anonymous_0)
FNDA:0,(anonymous_1)
FNDA:0,(anonymous_2)
FNDA:0,(anonymous_3)
FNDA:0,(anonymous_4)
FNDA:0,(anonymous_5)
FNDA:0,(anonymous_6)
FNDA:0,(anonymous_7)
FNDA:0,(anonymous_8)
FNDA:0,(anonymous_9)
FNDA:0,(anonymous_10)
FNDA:0,(anonymous_11)
FNDA:0,(anonymous_12)
FNDA:0,(anonymous_13)
FNDA:0,(anonymous_14)
FNDA:0,(anonymous_15)
DA:1,0
DA:2,0
DA:8,0
DA:9,0
DA:16,0
DA:17,0
DA:31,0
DA:32,0
DA:34,0
DA:41,0
DA:55,0
DA:56,0
DA:58,0
DA:59,0
DA:62,0
DA:63,0
DA:65,0
DA:66,0
DA:68,0
DA:84,0
DA:85,0
DA:86,0
DA:88,0
DA:89,0
DA:92,0
DA:93,0
DA:95,0
DA:96,0
DA:98,0
DA:112,0
DA:114,0
DA:115,0
DA:118,0
DA:132,0
DA:133,0
DA:135,0
DA:137,0
DA:139,0
DA:140,0
DA:143,0
DA:144,0
DA:147,0
DA:149,0
DA:163,0
DA:164,0
DA:166,0
DA:169,0
DA:170,0
DA:171,0
DA:172,0
DA:177,0
DA:178,0
DA:179,0
DA:181,0
DA:183,0
DA:197,0
DA:206,0
DA:215,0
DA:227,0
DA:233,0
DA:234,0
DA:235,0
DA:236,0
DA:237,0
DA:238,0
DA:239,0
DA:241,0
DA:252,0
DA:253,0
DA:254,0
DA:255,0
DA:256,0
DA:258,0
DA:269,0
DA:272,0
DA:273,0
DA:275,0
DA:276,0
DA:282,0
DA:286,0
DA:288,0
DA:300,0
DA:304,0
DA:316,0
DA:317,0
DA:318,0
DA:320,0
DA:321,0
DA:324,0
DA:325,0
DA:327,0
DA:331,0
LF:92
LH:0
BRDA:58,0,0,0
BRDA:58,0,1,0
BRDA:58,1,0,0
BRDA:58,1,1,0
BRDA:63,2,0,0
BRDA:63,2,1,0
BRDA:83,3,0,0
BRDA:88,4,0,0
BRDA:88,4,1,0
BRDA:88,5,0,0
BRDA:88,5,1,0
BRDA:93,6,0,0
BRDA:93,6,1,0
BRDA:111,7,0,0
BRDA:114,8,0,0
BRDA:114,8,1,0
BRDA:120,9,0,0
BRDA:120,9,1,0
BRDA:131,10,0,0
BRDA:133,11,0,0
BRDA:133,11,1,0
BRDA:139,12,0,0
BRDA:139,12,1,0
BRDA:143,13,0,0
BRDA:143,13,1,0
BRDA:162,14,0,0
BRDA:169,15,0,0
BRDA:169,15,1,0
BRDA:172,16,0,0
BRDA:172,16,1,0
BRDA:177,17,0,0
BRDA:177,17,1,0
BRDA:178,18,0,0
BRDA:178,18,1,0
BRDA:196,19,0,0
BRDA:320,20,0,0
BRDA:320,20,1,0
BRF:37
BRH:0
end_of_record
TN:
SF:utils/validators.js
FN:6,isValidCaseId
FN:16,validateRequiredFields
FN:17,(anonymous_2)
FN:30,parseArrayInput
FN:35,(anonymous_4)
FN:36,(anonymous_5)
FN:45,caseExists
FN:55,findProfilesUsingCase
FNF:8
FNH:8
FNDA:7,isValidCaseId
FNDA:2,validateRequiredFields
FNDA:6,(anonymous_2)
FNDA:5,parseArrayInput
FNDA:9,(anonymous_4)
FNDA:9,(anonymous_5)
FNDA:3,caseExists
FNDA:2,findProfilesUsingCase
DA:7,7
DA:17,6
DA:18,2
DA:31,5
DA:33,3
DA:35,9
DA:36,9
DA:46,3
DA:56,2
DA:58,2
DA:59,5
DA:60,2
DA:64,2
DA:67,1
LF:14
LH:14
BRDA:30,0,0,4
BRDA:31,1,0,2
BRDA:31,1,1,3
BRDA:59,2,0,2
BRDA:59,2,1,3
BRDA:59,3,0,5
BRDA:59,3,1,3
BRF:7
BRH:7
end_of_record
